<?xml version="1.0" encoding="utf-8"?><testsuites><testsuite name="pytest" errors="0" failures="1" skipped="0" tests="15" time="0.501" timestamp="2022-12-01T22:59:36.173565" hostname="Sangu-PC"><testcase classname="app.tests.test_urls.TestUrls" name="test_about_url_is_resolved" file="app\tests\test_urls.py" line="13" time="0.011"><system-out>--------------------------------- Captured Log ---------------------------------

--------------------------------- Captured Out ---------------------------------
ResolverMatch(func=app.views.about, args=(), kwargs={}, url_name='website-about', app_names=[], namespaces=[], route='about/')

</system-out><system-err>--------------------------------- Captured Err ---------------------------------

</system-err></testcase><testcase classname="app.tests.test_urls.TestUrls" name="test_create_url_is_resolved" file="app\tests\test_urls.py" line="36" time="0.001"><system-out>--------------------------------- Captured Log ---------------------------------

--------------------------------- Captured Out ---------------------------------
ResolverMatch(func=app.views.PostCreateView, args=(), kwargs={}, url_name='post-create', app_names=[], namespaces=[], route='post/new/')

</system-out><system-err>--------------------------------- Captured Err ---------------------------------

</system-err></testcase><testcase classname="app.tests.test_urls.TestUrls" name="test_delete_url_is_resolved" file="app\tests\test_urls.py" line="46" time="0.001"><system-out>--------------------------------- Captured Log ---------------------------------

--------------------------------- Captured Out ---------------------------------
ResolverMatch(func=app.views.PostDeleteView, args=(), kwargs={'pk': 1}, url_name='post-delete', app_names=[], namespaces=[], route='post/&lt;int:pk&gt;/delete/', captured_kwargs={'pk': 1})

</system-out><system-err>--------------------------------- Captured Err ---------------------------------

</system-err></testcase><testcase classname="app.tests.test_urls.TestUrls" name="test_details_url_is_resolved" file="app\tests\test_urls.py" line="31" time="0.001"><system-out>--------------------------------- Captured Log ---------------------------------

--------------------------------- Captured Out ---------------------------------
ResolverMatch(func=app.views.PostDetailView, args=(), kwargs={'pk': 1}, url_name='post-detail', app_names=[], namespaces=[], route='post/&lt;int:pk&gt;/', captured_kwargs={'pk': 1})

</system-out><system-err>--------------------------------- Captured Err ---------------------------------

</system-err></testcase><testcase classname="app.tests.test_urls.TestUrls" name="test_galery_url_is_resolved" file="app\tests\test_urls.py" line="21" time="0.001"><system-out>--------------------------------- Captured Log ---------------------------------

--------------------------------- Captured Out ---------------------------------
ResolverMatch(func=app.views.galery, args=(), kwargs={}, url_name='website-galery', app_names=[], namespaces=[], route='galery/')

</system-out><system-err>--------------------------------- Captured Err ---------------------------------

</system-err></testcase><testcase classname="app.tests.test_urls.TestUrls" name="test_home_url_is_resolved" file="app\tests\test_urls.py" line="8" time="0.001"><system-out>--------------------------------- Captured Log ---------------------------------

--------------------------------- Captured Out ---------------------------------
ResolverMatch(func=app.views.PostListView, args=(), kwargs={}, url_name='website-home', app_names=[], namespaces=[], route='')

</system-out><system-err>--------------------------------- Captured Err ---------------------------------

</system-err></testcase><testcase classname="app.tests.test_urls.TestUrls" name="test_login_url_is_resolved" file="app\tests\test_urls.py" line="66" time="0.001"><system-out>--------------------------------- Captured Log ---------------------------------

--------------------------------- Captured Out ---------------------------------
ResolverMatch(func=django.contrib.auth.views.LoginView, args=(), kwargs={}, url_name='login', app_names=[], namespaces=[], route='login/')

</system-out><system-err>--------------------------------- Captured Err ---------------------------------

</system-err></testcase><testcase classname="app.tests.test_urls.TestUrls" name="test_logout_url_is_resolved" file="app\tests\test_urls.py" line="71" time="0.001"><system-out>--------------------------------- Captured Log ---------------------------------

--------------------------------- Captured Out ---------------------------------
ResolverMatch(func=django.contrib.auth.views.LogoutView, args=(), kwargs={}, url_name='logout', app_names=[], namespaces=[], route='logout/')

</system-out><system-err>--------------------------------- Captured Err ---------------------------------

</system-err></testcase><testcase classname="app.tests.test_urls.TestUrls" name="test_passwordreset_url_is_resolved" file="app\tests\test_urls.py" line="76" time="0.001"><system-out>--------------------------------- Captured Log ---------------------------------

--------------------------------- Captured Out ---------------------------------
ResolverMatch(func=django.contrib.auth.views.PasswordResetView, args=(), kwargs={}, url_name='password-reset', app_names=[], namespaces=[], route='password-reset/')

</system-out><system-err>--------------------------------- Captured Err ---------------------------------

</system-err></testcase><testcase classname="app.tests.test_urls.TestUrls" name="test_prenumerate_url_is_resolved" file="app\tests\test_urls.py" line="26" time="0.001"><system-out>--------------------------------- Captured Log ---------------------------------

--------------------------------- Captured Out ---------------------------------
ResolverMatch(func=app.views.prenumerate, args=(), kwargs={}, url_name='website-prenumerate', app_names=[], namespaces=[], route='prenumerate/')

</system-out><system-err>--------------------------------- Captured Err ---------------------------------

</system-err></testcase><testcase classname="app.tests.test_urls.TestUrls" name="test_profile_url_is_resolved" file="app\tests\test_urls.py" line="61" time="0.001"><system-out>--------------------------------- Captured Log ---------------------------------

--------------------------------- Captured Out ---------------------------------
ResolverMatch(func=Users.views.profile, args=(), kwargs={}, url_name='profile', app_names=[], namespaces=[], route='profile/')

</system-out><system-err>--------------------------------- Captured Err ---------------------------------

</system-err></testcase><testcase classname="app.tests.test_urls.TestUrls" name="test_register_url_is_resolved" file="app\tests\test_urls.py" line="56" time="0.001"><system-out>--------------------------------- Captured Log ---------------------------------

--------------------------------- Captured Out ---------------------------------
ResolverMatch(func=Users.views.register, args=(), kwargs={}, url_name='register', app_names=[], namespaces=[], route='register/')

</system-out><system-err>--------------------------------- Captured Err ---------------------------------

</system-err></testcase><testcase classname="app.tests.test_urls.TestUrls" name="test_update_url_is_resolved" file="app\tests\test_urls.py" line="41" time="0.001"><system-out>--------------------------------- Captured Log ---------------------------------

--------------------------------- Captured Out ---------------------------------
ResolverMatch(func=app.views.PostUpdateView, args=(), kwargs={'pk': 1}, url_name='post-update', app_names=[], namespaces=[], route='post/&lt;int:pk&gt;/update/', captured_kwargs={'pk': 1})

</system-out><system-err>--------------------------------- Captured Err ---------------------------------

</system-err></testcase><testcase classname="app.tests.test_urls.TestUrls" name="test_userposts_url_is_resolved" file="app\tests\test_urls.py" line="51" time="0.001"><system-out>--------------------------------- Captured Log ---------------------------------

--------------------------------- Captured Out ---------------------------------
ResolverMatch(func=app.views.UserPostListView, args=(), kwargs={'username': '1'}, url_name='user-posts', app_names=[], namespaces=[], route='_user/&lt;str:username&gt;', captured_kwargs={'username': '1'})

</system-out><system-err>--------------------------------- Captured Err ---------------------------------

</system-err></testcase><testcase classname="app.tests.test_views.TestView" name="test_project_list_GET" file="app\tests\test_views.py" line="19" time="0.033"><failure message="AssertionError: No templates used to render the response">self = &lt;app.tests.test_views.TestView testMethod=test_project_list_GET&gt;

    def test_project_list_GET(self):
        client = Client()
        response = client.get(reverse('post-create'), follow=True)
    
        self.assertEquals(response.status_code, 200)
        #self.client.login(username='Sangu', password='123')
        print(response.__dict__)
&gt;       self.assertTemplateUsed(response, 'app/post_form.html')

app\tests\test_views.py:27: 
_ _ _ _ _ _ _ _ _ _ _ _ _ _ _ _ _ _ _ _ _ _ _ _ _ _ _ _ _ _ _ _ _ _ _ _ _ _ _ _
env1\lib\site-packages\django\test\testcases.py:849: in assertTemplateUsed
    self._assert_template_used(template_name, template_names, msg_prefix, count)
env1\lib\site-packages\django\test\testcases.py:813: in _assert_template_used
    self.fail(msg_prefix + "No templates used to render the response")
E   AssertionError: No templates used to render the response</failure><system-out>--------------------------------- Captured Log ---------------------------------

--------------------------------- Captured Out ---------------------------------
{'template_name': ['users/login.html'], 'context_data': {'form': &lt;AuthenticationForm bound=False, valid=False, fields=(username;password)&gt;, 'view': &lt;django.contrib.auth.views.LoginView object at 0x00000255ADFFD400&gt;, 'next': '/post/new/', 'site': &lt;django.contrib.sites.requests.RequestSite object at 0x00000255ADFFD970&gt;, 'site_name': 'testserver'}, 'using': None, '_post_render_callbacks': [&lt;function make_middleware_decorator.&lt;locals&gt;._make_decorator.&lt;locals&gt;._decorator.&lt;locals&gt;._wrapped_view.&lt;locals&gt;.callback at 0x00000255ADFF6C10&gt;], '_request': &lt;WSGIRequest: GET '/login/?next=%2Fpost%2Fnew%2F'&gt;, 'headers': {'Content-Type': 'text/html; charset=utf-8', 'Expires': 'Thu, 01 Dec 2022 20:59:36 GMT', 'Cache-Control': 'max-age=0, no-cache, no-store, must-revalidate, private', 'Vary': 'Cookie', 'X-Frame-Options': 'DENY', 'Content-Length': '5130', 'X-Content-Type-Options': 'nosniff', 'Referrer-Policy': 'same-origin', 'Cross-Origin-Opener-Policy': 'same-origin'}, '_charset': None, '_resource_closers': [], '_handler_class': None, 'cookies': &lt;SimpleCookie: csrftoken='H2jvNmtidA2chlopJVMMbBthHNwc2gQB'&gt;, 'closed': True, '_reason_phrase': None, '_container': [b'&lt;!DOCTYPE html&gt;\n&lt;html&gt;\n&lt;head&gt;\n    &lt;meta charset="utf-8" /&gt;\n    &lt;meta name="viewport" content="width=device-width, initial-scale=1.0"&gt;\n    &lt;title&gt; - My Django Application&lt;/title&gt;\n    \n    \n\t&lt;link href="https://cdn.jsdelivr.net/npm/bootstrap@5.0.2/dist/css/bootstrap.min.css" rel="stylesheet" integrity="sha384-EVSTQN3/azprG1Anm3QDgpJLIm9Nao0Yz1ztcQTwFspd3yD65VohhpuuCOmLASjC" crossorigin="anonymous"&gt;\n\t&lt;link rel="stylesheet" type="text/css" href="/static/app/content/mystyle.css"&gt;\n\t&lt;link rel="stylesheet" type="text/css" href="/static/app/content/main.css"&gt;\n\n\t&lt;link rel="icon" type="image/png" href="/static/app/images/Cat.jpg"&gt;\n    &lt;script src="/static/app/scripts/modernizr-2.6.2.js"&gt;&lt;/script&gt;\n&lt;/head&gt;\n&lt;body&gt;\n&lt;nav class="navbar navbar-expand-md navbar-dark fixed-top bg-dark"&gt;\n  &lt;div class="container-fluid"&gt;\n    &lt;button class="navbar-toggler" type="button" data-bs-toggle="collapse" data-bs-target="#navbarCollapse" aria-controls="navbarCollapse" aria-expanded="false" aria-label="Toggle navigation"&gt;\n      &lt;span class="navbar-toggler-icon"&gt;&lt;/span&gt;\n    &lt;/button&gt;\n    &lt;div class="collapse navbar-collapse" id="navbarCollapse"&gt;\n      &lt;ul class="navbar-nav me-auto mb-2 mb-md-0"&gt;\n\t\t&lt;li class="nav-item"&gt;&lt;a class="nav-link green" href="/"&gt;Pagrindinis&lt;/a&gt;&lt;/li&gt;\n\t\t&lt;li class="nav-item"&gt;&lt;a class="nav-link green" href="/galery/"&gt;Galerija&lt;/a&gt;&lt;/li&gt;\n\t\t&lt;li class="nav-item"&gt;&lt;a class="nav-link green" href="/prenumerate/"&gt;Prenumeruoti&lt;/a&gt;&lt;/li&gt;\n\t\t&lt;li class="nav-item"&gt;&lt;a class="nav-link green" href="/about/"&gt;Apie&lt;/a&gt;&lt;/li&gt;\n\n\t\t\n\t\t\t&lt;li class="nav-item"&gt;&lt;a class="nav-link green" href="/login/"&gt;Prisijungti&lt;/a&gt;&lt;/li&gt;\n\t\t\t&lt;li class="nav-item"&gt;&lt;a class="nav-link green" href="/register/"&gt;Registruotis&lt;/a&gt;&lt;/li&gt;\n\t\t\n      &lt;/ul&gt;\n    &lt;/div&gt;\n  &lt;/div&gt;\n&lt;/nav&gt;\n&lt;header class="masthead"&gt;\n  &lt;div class="container h-100"&gt;\n    &lt;div class="row h-100 align-items-center"&gt;\n      &lt;div class="col-12 text-center"&gt;\n        &lt;h1 class="fw-light"&gt;Ka\xc4\x8di\xc5\xb3 \xc4\xafvairovov\xc4\x97&lt;/h1&gt;\n        &lt;p class="lead"&gt;Naujienos apie kates i\xc5\xa1 viso pasaulio&lt;/p&gt;\n      &lt;/div&gt;\n    &lt;/div&gt;\n  &lt;/div&gt;\n&lt;/header&gt;\n\t &lt;main role="main" class="container"&gt;\n      &lt;div class="row"&gt;\n        &lt;div class="col notshow notshow-m pt-3"&gt;\n          &lt;div class="content-section"&gt;\n            &lt;h6&gt;Vieta j\xc5\xabs\xc5\xb3 reklamai&lt;/h6&gt;\n          &lt;/div&gt;\n        &lt;/div&gt;\n        &lt;div class="col-md-8 pt-3"&gt;\n          \n          \n    &lt;div class="content-section"&gt;\n        &lt;form method="POST"&gt;\n            &lt;input type="hidden" name="csrfmiddlewaretoken" value="XJCU0OFjSSJSuW6grjkq2ryyv5Ts675YuBLfD0YrViBUB7kv04W23SRF2IfuYdLp"&gt;\n            &lt;fieldset class="form-group"&gt;\n                &lt;legend class="border-bottom mb=4"&gt;Log In&lt;/legend&gt;\n                \n\n&lt;div id="div_id_username" class="form-group"&gt; &lt;label for="id_username" class=" requiredField"&gt;\n                Username&lt;span class="asteriskField"&gt;*&lt;/span&gt; &lt;/label&gt; &lt;div&gt; &lt;input type="text" name="username" autofocus autocapitalize="none" autocomplete="username" maxlength="150" class="textinput textInput form-control" required id="id_username"&gt; &lt;/div&gt; &lt;/div&gt; &lt;div id="div_id_password" class="form-group"&gt; &lt;label for="id_password" class=" requiredField"&gt;\n                Password&lt;span class="asteriskField"&gt;*&lt;/span&gt; &lt;/label&gt; &lt;div&gt; &lt;input type="password" name="password" autocomplete="current-password" class="textinput textInput form-control" required id="id_password"&gt; &lt;/div&gt; &lt;/div&gt;\n\n            &lt;/fieldset&gt;\n            &lt;div class="form-group pb-3 pt-3"&gt;\n                &lt;button class="btn btn-outline-info" type="submit"&gt;Prsijungti&lt;/button&gt;\n            &lt;/div&gt;\n        &lt;/form&gt;\n        &lt;div class="border-top pt-3"&gt;\n            &lt;small class="text-muted"&gt;Dar neu\xc5\xbesiregistravote? &lt;a class="ml-2" href="/register/"&gt;U\xc5\xbesiregistruokite&lt;/a&gt;\n            &lt;/small&gt;\n        &lt;/div&gt;\n    &lt;/div&gt;\n\n        &lt;/div&gt;\n        &lt;div class="col notshow notshow-r pt-3"&gt;\n          &lt;div class="content-section"&gt;\n            &lt;h3&gt;Informacija&lt;/h3&gt;\n              &lt;ul class="list-group"&gt;\n                &lt;li class="list-group-item list-group-item-light"&gt;Latest Posts&lt;/li&gt;\n                &lt;li class="list-group-item list-group-item-light"&gt;Announcements&lt;/li&gt;\n                &lt;li class="list-group-item list-group-item-light"&gt;Calendars&lt;/li&gt;\n                &lt;li class="list-group-item list-group-item-light"&gt;etc&lt;/li&gt;\n              &lt;/ul&gt;\n          &lt;/div&gt;\n        &lt;/div&gt;\n      &lt;/div&gt;\n    &lt;/main&gt;\n\n\n  &lt;footer id="sticky-footer" class="flex-shrink-0 py-4"&gt;\n    &lt;div class="container text-center"&gt;\n      &lt;address&gt;2022 &amp;copy; Linas Jurevi\xc4\x8dius&lt;/address&gt;\n    &lt;/div&gt;\n  &lt;/footer&gt;\n\n\t&lt;div&gt;\n\t\t&lt;!-- ciklas per views dictionary\n\t\t\n\t\t\t--&gt;\n\t\t\n\t\t&lt;div id="modal01" class="w3-modal" onclick="this.style.display=\'none\'"&gt;\n\t\t\t&lt;div class="w3-modal-content"&gt;\n\t\t\t\t&lt;img id="img01" style="width:100%"&gt;\n\t\t\t&lt;/div&gt;\n\t\t&lt;/div&gt;\n\t\t\n\t\t&lt;script&gt;\n\t\t\tfunction onClick(element) {\n\t\t\tdocument.getElementById("img01").src = element.src;\n\t\t\tdocument.getElementById("modal01").style.display = "block";\n\t\t\t}\n\t\t&lt;/script&gt;\n\t&lt;/div&gt;\n\n\t&lt;script src="https://cdn.jsdelivr.net/npm/bootstrap@5.0.2/dist/js/bootstrap.bundle.min.js" integrity="sha384-MrcW6ZMFYlzcLA8Nl+NtUVF0sA7MsXsP1UyJoMp4YLEuNSfAP+JcXn/tWtIaxVXM" crossorigin="anonymous"&gt;&lt;/script&gt;\n\n\t\n&lt;/body&gt;\n&lt;/html&gt;\n'], '_is_rendered': True, 'wsgi_request': &lt;WSGIRequest: GET '/login/?next=%2Fpost%2Fnew%2F'&gt;, 'exc_info': None, 'client': &lt;django.test.client.Client object at 0x00000255ADF52100&gt;, 'request': {'PATH_INFO': '/login/', 'REQUEST_METHOD': 'GET', 'SERVER_PORT': '80', 'wsgi.url_scheme': 'http', 'QUERY_STRING': 'next=%2Fpost%2Fnew%2F'}, 'templates': [], 'context': None, 'json': functools.partial(&lt;bound method ClientMixin._parse_json of &lt;django.test.client.Client object at 0x00000255ADF52100&gt;&gt;, &lt;TemplateResponse status_code=200, "text/html; charset=utf-8"&gt;), 'resolver_match': &lt;SimpleLazyObject: &lt;function Client.request.&lt;locals&gt;.&lt;lambda&gt; at 0x00000255ADFC9C10&gt;&gt;, 'redirect_chain': [('/login/?next=/post/new/', 302)]}

</system-out><system-err>--------------------------------- Captured Err ---------------------------------

</system-err></testcase></testsuite></testsuites>