<?xml version="1.0" encoding="utf-8"?><testsuites><testsuite name="pytest" errors="0" failures="5" skipped="0" tests="23" time="3.345" timestamp="2022-12-04T13:51:01.373048" hostname="Sangu-PC"><testcase classname="app.tests.test_forms.ModelsView" name="test_ProfileUpdateForm_for_valid_data" file="app\tests\test_forms.py" line="22" time="0.016"><system-out>--------------------------------- Captured Log ---------------------------------

--------------------------------- Captured Out ---------------------------------


</system-out><system-err>--------------------------------- Captured Err ---------------------------------

</system-err></testcase><testcase classname="app.tests.test_forms.ModelsView" name="test_UserRegisterForm_for_valid_data" file="app\tests\test_forms.py" line="12" time="0.012"><system-out>--------------------------------- Captured Log ---------------------------------

--------------------------------- Captured Out ---------------------------------


</system-out><system-err>--------------------------------- Captured Err ---------------------------------

</system-err></testcase><testcase classname="app.tests.test_forms.ModelsView" name="test_UserUpdateForm_for_valid_data" file="app\tests\test_forms.py" line="17" time="0.001"><system-out>--------------------------------- Captured Log ---------------------------------

--------------------------------- Captured Out ---------------------------------


</system-out><system-err>--------------------------------- Captured Err ---------------------------------

</system-err></testcase><testcase classname="app.tests.test_models.ModelsView" name="test_comment_is_assigned" file="app\tests\test_models.py" line="36" time="1.315"><failure message="django.core.exceptions.FieldError: Cannot resolve keyword 'titler' into field. Choices are: author, author_id, comments, content, date_posted, id, title">self = &lt;app.tests.test_models.ModelsView testMethod=test_comment_is_assigned&gt;

    def setUp(self):
        # Create some users
        self.user_1 = User.objects.create_user('Chevy Chase', 'chevy@chase.com', 'chevyspassword')
    
        user_1 = User.objects.all().get(username='Chevy Chase')
        self.post = Post.objects.create(
            title='postas1',
            content='random post',
            author = user_1)
    
&gt;       post = Post.objects.all().get(titler='postas1')

app\tests\test_models.py:22: 
_ _ _ _ _ _ _ _ _ _ _ _ _ _ _ _ _ _ _ _ _ _ _ _ _ _ _ _ _ _ _ _ _ _ _ _ _ _ _ _
env1\lib\site-packages\django\db\models\query.py:636: in get
    clone = self._chain() if self.query.combinator else self.filter(*args, **kwargs)
env1\lib\site-packages\django\db\models\query.py:1420: in filter
    return self._filter_or_exclude(False, args, kwargs)
env1\lib\site-packages\django\db\models\query.py:1438: in _filter_or_exclude
    clone._filter_or_exclude_inplace(negate, args, kwargs)
env1\lib\site-packages\django\db\models\query.py:1445: in _filter_or_exclude_inplace
    self._query.add_q(Q(*args, **kwargs))
env1\lib\site-packages\django\db\models\sql\query.py:1532: in add_q
    clause, _ = self._add_q(q_object, self.used_aliases)
env1\lib\site-packages\django\db\models\sql\query.py:1562: in _add_q
    child_clause, needed_inner = self.build_filter(
env1\lib\site-packages\django\db\models\sql\query.py:1407: in build_filter
    lookups, parts, reffed_expression = self.solve_lookup_type(arg)
env1\lib\site-packages\django\db\models\sql\query.py:1217: in solve_lookup_type
    _, field, _, lookup_parts = self.names_to_path(lookup_splitted, self.get_meta())
_ _ _ _ _ _ _ _ _ _ _ _ _ _ _ _ _ _ _ _ _ _ _ _ _ _ _ _ _ _ _ _ _ _ _ _ _ _ _ _

self = &lt;django.db.models.sql.query.Query object at 0x0000020DF431D100&gt;
names = ['titler'], opts = &lt;Options for Post&gt;, allow_many = True
fail_on_missing = False

    def names_to_path(self, names, opts, allow_many=True, fail_on_missing=False):
        """
        Walk the list of names and turns them into PathInfo tuples. A single
        name in 'names' can generate multiple PathInfos (m2m, for example).
    
        'names' is the path of names to travel, 'opts' is the model Options we
        start the name resolving from, 'allow_many' is as for setup_joins().
        If fail_on_missing is set to True, then a name that can't be resolved
        will generate a FieldError.
    
        Return a list of PathInfo tuples. In addition return the final field
        (the last used join field) and target (which is a field guaranteed to
        contain the same value as the final field). Finally, return those names
        that weren't found (which are likely transforms and the final lookup).
        """
        path, names_with_path = [], []
        for pos, name in enumerate(names):
            cur_names_with_path = (name, [])
            if name == "pk":
                name = opts.pk.name
    
            field = None
            filtered_relation = None
            try:
                if opts is None:
                    raise FieldDoesNotExist
                field = opts.get_field(name)
            except FieldDoesNotExist:
                if name in self.annotation_select:
                    field = self.annotation_select[name].output_field
                elif name in self._filtered_relations and pos == 0:
                    filtered_relation = self._filtered_relations[name]
                    if LOOKUP_SEP in filtered_relation.relation_name:
                        parts = filtered_relation.relation_name.split(LOOKUP_SEP)
                        filtered_relation_path, field, _, _ = self.names_to_path(
                            parts,
                            opts,
                            allow_many,
                            fail_on_missing,
                        )
                        path.extend(filtered_relation_path[:-1])
                    else:
                        field = opts.get_field(filtered_relation.relation_name)
            if field is not None:
                # Fields that contain one-to-many relations with a generic
                # model (like a GenericForeignKey) cannot generate reverse
                # relations and therefore cannot be used for reverse querying.
                if field.is_relation and not field.related_model:
                    raise FieldError(
                        "Field %r does not generate an automatic reverse "
                        "relation and therefore cannot be used for reverse "
                        "querying. If it is a GenericForeignKey, consider "
                        "adding a GenericRelation." % name
                    )
                try:
                    model = field.model._meta.concrete_model
                except AttributeError:
                    # QuerySet.annotate() may introduce fields that aren't
                    # attached to a model.
                    model = None
            else:
                # We didn't find the current field, so move position back
                # one step.
                pos -= 1
                if pos == -1 or fail_on_missing:
                    available = sorted(
                        [
                            *get_field_names_from_opts(opts),
                            *self.annotation_select,
                            *self._filtered_relations,
                        ]
                    )
&gt;                   raise FieldError(
                        "Cannot resolve keyword '%s' into field. "
                        "Choices are: %s" % (name, ", ".join(available))
                    )
E                   django.core.exceptions.FieldError: Cannot resolve keyword 'titler' into field. Choices are: author, author_id, comments, content, date_posted, id, title

env1\lib\site-packages\django\db\models\sql\query.py:1709: FieldError</failure><system-out>--------------------------------- Captured Log ---------------------------------

--------------------------------- Captured Out ---------------------------------

</system-out><system-err>--------------------------------- Captured Err ---------------------------------

</system-err></testcase><testcase classname="app.tests.test_models.ModelsView" name="test_post_is_assigned" file="app\tests\test_models.py" line="31" time="0.189"><failure message="django.db.utils.IntegrityError: UNIQUE constraint failed: auth_user.username">self = &lt;django.db.backends.utils.CursorDebugWrapper object at 0x0000020DF44335E0&gt;
sql = 'INSERT INTO "auth_user" ("password", "last_login", "is_superuser", "username", "first_name", "last_name", "email", "is_staff", "is_active", "date_joined") VALUES (%s, %s, %s, %s, %s, %s, %s, %s, %s, %s) RETURNING "auth_user"."id"'
params = ('pbkdf2_sha256$390000$P9nFpELmYX49EBqfozgGlG$c8n1rNus4ZYlgxDuDz7jdJdq4f1//lmD7YMGf+8ULMg=', None, False, 'Chevy Chase', '', '', ...)
ignored_wrapper_args = (False, {'connection': &lt;DatabaseWrapper vendor='sqlite' alias='default'&gt;, 'cursor': &lt;django.db.backends.utils.CursorDebugWrapper object at 0x0000020DF44335E0&gt;})

    def _execute(self, sql, params, *ignored_wrapper_args):
        self.db.validate_no_broken_transaction()
        with self.db.wrap_database_errors:
            if params is None:
                # params default might be backend specific.
                return self.cursor.execute(sql)
            else:
&gt;               return self.cursor.execute(sql, params)

env1\lib\site-packages\django\db\backends\utils.py:89: 
_ _ _ _ _ _ _ _ _ _ _ _ _ _ _ _ _ _ _ _ _ _ _ _ _ _ _ _ _ _ _ _ _ _ _ _ _ _ _ _

self = &lt;django.db.backends.sqlite3.base.SQLiteCursorWrapper object at 0x0000020DF441FDC0&gt;
query = 'INSERT INTO "auth_user" ("password", "last_login", "is_superuser", "username", "first_name", "last_name", "email", "is_staff", "is_active", "date_joined") VALUES (?, ?, ?, ?, ?, ?, ?, ?, ?, ?) RETURNING "auth_user"."id"'
params = ('pbkdf2_sha256$390000$P9nFpELmYX49EBqfozgGlG$c8n1rNus4ZYlgxDuDz7jdJdq4f1//lmD7YMGf+8ULMg=', None, False, 'Chevy Chase', '', '', ...)

    def execute(self, query, params=None):
        if params is None:
            return Database.Cursor.execute(self, query)
        query = self.convert_query(query)
&gt;       return Database.Cursor.execute(self, query, params)
E       sqlite3.IntegrityError: UNIQUE constraint failed: auth_user.username

env1\lib\site-packages\django\db\backends\sqlite3\base.py:357: IntegrityError

The above exception was the direct cause of the following exception:

self = &lt;app.tests.test_models.ModelsView testMethod=test_post_is_assigned&gt;

    def setUp(self):
        # Create some users
&gt;       self.user_1 = User.objects.create_user('Chevy Chase', 'chevy@chase.com', 'chevyspassword')

app\tests\test_models.py:14: 
_ _ _ _ _ _ _ _ _ _ _ _ _ _ _ _ _ _ _ _ _ _ _ _ _ _ _ _ _ _ _ _ _ _ _ _ _ _ _ _
env1\lib\site-packages\django\contrib\auth\models.py:161: in create_user
    return self._create_user(username, email, password, **extra_fields)
env1\lib\site-packages\django\contrib\auth\models.py:155: in _create_user
    user.save(using=self._db)
env1\lib\site-packages\django\contrib\auth\base_user.py:68: in save
    super().save(*args, **kwargs)
env1\lib\site-packages\django\db\models\base.py:812: in save
    self.save_base(
env1\lib\site-packages\django\db\models\base.py:863: in save_base
    updated = self._save_table(
env1\lib\site-packages\django\db\models\base.py:1006: in _save_table
    results = self._do_insert(
env1\lib\site-packages\django\db\models\base.py:1047: in _do_insert
    return manager._insert(
env1\lib\site-packages\django\db\models\manager.py:85: in manager_method
    return getattr(self.get_queryset(), name)(*args, **kwargs)
env1\lib\site-packages\django\db\models\query.py:1790: in _insert
    return query.get_compiler(using=using).execute_sql(returning_fields)
env1\lib\site-packages\django\db\models\sql\compiler.py:1660: in execute_sql
    cursor.execute(sql, params)
env1\lib\site-packages\django\db\backends\utils.py:103: in execute
    return super().execute(sql, params)
env1\lib\site-packages\django\db\backends\utils.py:67: in execute
    return self._execute_with_wrappers(
env1\lib\site-packages\django\db\backends\utils.py:80: in _execute_with_wrappers
    return executor(sql, params, many, context)
env1\lib\site-packages\django\db\backends\utils.py:89: in _execute
    return self.cursor.execute(sql, params)
env1\lib\site-packages\django\db\utils.py:91: in __exit__
    raise dj_exc_value.with_traceback(traceback) from exc_value
env1\lib\site-packages\django\db\backends\utils.py:89: in _execute
    return self.cursor.execute(sql, params)
_ _ _ _ _ _ _ _ _ _ _ _ _ _ _ _ _ _ _ _ _ _ _ _ _ _ _ _ _ _ _ _ _ _ _ _ _ _ _ _

self = &lt;django.db.backends.sqlite3.base.SQLiteCursorWrapper object at 0x0000020DF441FDC0&gt;
query = 'INSERT INTO "auth_user" ("password", "last_login", "is_superuser", "username", "first_name", "last_name", "email", "is_staff", "is_active", "date_joined") VALUES (?, ?, ?, ?, ?, ?, ?, ?, ?, ?) RETURNING "auth_user"."id"'
params = ('pbkdf2_sha256$390000$P9nFpELmYX49EBqfozgGlG$c8n1rNus4ZYlgxDuDz7jdJdq4f1//lmD7YMGf+8ULMg=', None, False, 'Chevy Chase', '', '', ...)

    def execute(self, query, params=None):
        if params is None:
            return Database.Cursor.execute(self, query)
        query = self.convert_query(query)
&gt;       return Database.Cursor.execute(self, query, params)
E       django.db.utils.IntegrityError: UNIQUE constraint failed: auth_user.username

env1\lib\site-packages\django\db\backends\sqlite3\base.py:357: IntegrityError</failure><system-out>--------------------------------- Captured Log ---------------------------------

--------------------------------- Captured Out ---------------------------------

</system-out><system-err>--------------------------------- Captured Err ---------------------------------

</system-err></testcase><testcase classname="app.tests.test_models.ModelsView" name="test_user_is_assigned" file="app\tests\test_models.py" line="27" time="0.188"><failure message="django.db.utils.IntegrityError: UNIQUE constraint failed: auth_user.username">self = &lt;django.db.backends.utils.CursorDebugWrapper object at 0x0000020DF480C130&gt;
sql = 'INSERT INTO "auth_user" ("password", "last_login", "is_superuser", "username", "first_name", "last_name", "email", "is_staff", "is_active", "date_joined") VALUES (%s, %s, %s, %s, %s, %s, %s, %s, %s, %s) RETURNING "auth_user"."id"'
params = ('pbkdf2_sha256$390000$Yr2YAu8kgLC7hCoLy9qNVy$UUcJdxOmjlXj/UcwunC5yXeUFFC85ZobI7ZMN+ohxEk=', None, False, 'Chevy Chase', '', '', ...)
ignored_wrapper_args = (False, {'connection': &lt;DatabaseWrapper vendor='sqlite' alias='default'&gt;, 'cursor': &lt;django.db.backends.utils.CursorDebugWrapper object at 0x0000020DF480C130&gt;})

    def _execute(self, sql, params, *ignored_wrapper_args):
        self.db.validate_no_broken_transaction()
        with self.db.wrap_database_errors:
            if params is None:
                # params default might be backend specific.
                return self.cursor.execute(sql)
            else:
&gt;               return self.cursor.execute(sql, params)

env1\lib\site-packages\django\db\backends\utils.py:89: 
_ _ _ _ _ _ _ _ _ _ _ _ _ _ _ _ _ _ _ _ _ _ _ _ _ _ _ _ _ _ _ _ _ _ _ _ _ _ _ _

self = &lt;django.db.backends.sqlite3.base.SQLiteCursorWrapper object at 0x0000020DF46FA430&gt;
query = 'INSERT INTO "auth_user" ("password", "last_login", "is_superuser", "username", "first_name", "last_name", "email", "is_staff", "is_active", "date_joined") VALUES (?, ?, ?, ?, ?, ?, ?, ?, ?, ?) RETURNING "auth_user"."id"'
params = ('pbkdf2_sha256$390000$Yr2YAu8kgLC7hCoLy9qNVy$UUcJdxOmjlXj/UcwunC5yXeUFFC85ZobI7ZMN+ohxEk=', None, False, 'Chevy Chase', '', '', ...)

    def execute(self, query, params=None):
        if params is None:
            return Database.Cursor.execute(self, query)
        query = self.convert_query(query)
&gt;       return Database.Cursor.execute(self, query, params)
E       sqlite3.IntegrityError: UNIQUE constraint failed: auth_user.username

env1\lib\site-packages\django\db\backends\sqlite3\base.py:357: IntegrityError

The above exception was the direct cause of the following exception:

self = &lt;app.tests.test_models.ModelsView testMethod=test_user_is_assigned&gt;

    def setUp(self):
        # Create some users
&gt;       self.user_1 = User.objects.create_user('Chevy Chase', 'chevy@chase.com', 'chevyspassword')

app\tests\test_models.py:14: 
_ _ _ _ _ _ _ _ _ _ _ _ _ _ _ _ _ _ _ _ _ _ _ _ _ _ _ _ _ _ _ _ _ _ _ _ _ _ _ _
env1\lib\site-packages\django\contrib\auth\models.py:161: in create_user
    return self._create_user(username, email, password, **extra_fields)
env1\lib\site-packages\django\contrib\auth\models.py:155: in _create_user
    user.save(using=self._db)
env1\lib\site-packages\django\contrib\auth\base_user.py:68: in save
    super().save(*args, **kwargs)
env1\lib\site-packages\django\db\models\base.py:812: in save
    self.save_base(
env1\lib\site-packages\django\db\models\base.py:863: in save_base
    updated = self._save_table(
env1\lib\site-packages\django\db\models\base.py:1006: in _save_table
    results = self._do_insert(
env1\lib\site-packages\django\db\models\base.py:1047: in _do_insert
    return manager._insert(
env1\lib\site-packages\django\db\models\manager.py:85: in manager_method
    return getattr(self.get_queryset(), name)(*args, **kwargs)
env1\lib\site-packages\django\db\models\query.py:1790: in _insert
    return query.get_compiler(using=using).execute_sql(returning_fields)
env1\lib\site-packages\django\db\models\sql\compiler.py:1660: in execute_sql
    cursor.execute(sql, params)
env1\lib\site-packages\django\db\backends\utils.py:103: in execute
    return super().execute(sql, params)
env1\lib\site-packages\django\db\backends\utils.py:67: in execute
    return self._execute_with_wrappers(
env1\lib\site-packages\django\db\backends\utils.py:80: in _execute_with_wrappers
    return executor(sql, params, many, context)
env1\lib\site-packages\django\db\backends\utils.py:89: in _execute
    return self.cursor.execute(sql, params)
env1\lib\site-packages\django\db\utils.py:91: in __exit__
    raise dj_exc_value.with_traceback(traceback) from exc_value
env1\lib\site-packages\django\db\backends\utils.py:89: in _execute
    return self.cursor.execute(sql, params)
_ _ _ _ _ _ _ _ _ _ _ _ _ _ _ _ _ _ _ _ _ _ _ _ _ _ _ _ _ _ _ _ _ _ _ _ _ _ _ _

self = &lt;django.db.backends.sqlite3.base.SQLiteCursorWrapper object at 0x0000020DF46FA430&gt;
query = 'INSERT INTO "auth_user" ("password", "last_login", "is_superuser", "username", "first_name", "last_name", "email", "is_staff", "is_active", "date_joined") VALUES (?, ?, ?, ?, ?, ?, ?, ?, ?, ?) RETURNING "auth_user"."id"'
params = ('pbkdf2_sha256$390000$Yr2YAu8kgLC7hCoLy9qNVy$UUcJdxOmjlXj/UcwunC5yXeUFFC85ZobI7ZMN+ohxEk=', None, False, 'Chevy Chase', '', '', ...)

    def execute(self, query, params=None):
        if params is None:
            return Database.Cursor.execute(self, query)
        query = self.convert_query(query)
&gt;       return Database.Cursor.execute(self, query, params)
E       django.db.utils.IntegrityError: UNIQUE constraint failed: auth_user.username

env1\lib\site-packages\django\db\backends\sqlite3\base.py:357: IntegrityError</failure><system-out>--------------------------------- Captured Log ---------------------------------

--------------------------------- Captured Out ---------------------------------

</system-out><system-err>--------------------------------- Captured Err ---------------------------------

</system-err></testcase><testcase classname="app.tests.test_urls.TestUrls" name="test_about_url_is_resolved" file="app\tests\test_urls.py" line="15" time="0.011"><system-out>--------------------------------- Captured Log ---------------------------------

--------------------------------- Captured Out ---------------------------------
ResolverMatch(func=app.views.about, args=(), kwargs={}, url_name='website-about', app_names=[], namespaces=[], route='about/')

</system-out><system-err>--------------------------------- Captured Err ---------------------------------

</system-err></testcase><testcase classname="app.tests.test_urls.TestUrls" name="test_create_url_is_resolved" file="app\tests\test_urls.py" line="35" time="0.001"><system-out>--------------------------------- Captured Log ---------------------------------

--------------------------------- Captured Out ---------------------------------
ResolverMatch(func=app.views.PostCreateView, args=(), kwargs={}, url_name='post-create', app_names=[], namespaces=[], route='post/new/')

</system-out><system-err>--------------------------------- Captured Err ---------------------------------

</system-err></testcase><testcase classname="app.tests.test_urls.TestUrls" name="test_delete_url_is_resolved" file="app\tests\test_urls.py" line="45" time="0.001"><system-out>--------------------------------- Captured Log ---------------------------------

--------------------------------- Captured Out ---------------------------------
ResolverMatch(func=app.views.PostDeleteView, args=(), kwargs={'pk': 1}, url_name='post-delete', app_names=[], namespaces=[], route='post/&lt;int:pk&gt;/delete/', captured_kwargs={'pk': 1})

</system-out><system-err>--------------------------------- Captured Err ---------------------------------

</system-err></testcase><testcase classname="app.tests.test_urls.TestUrls" name="test_details_url_is_resolved" file="app\tests\test_urls.py" line="30" time="0.001"><system-out>--------------------------------- Captured Log ---------------------------------

--------------------------------- Captured Out ---------------------------------
ResolverMatch(func=app.views.PostDetailView, args=(), kwargs={'pk': 1}, url_name='post-detail', app_names=[], namespaces=[], route='post/&lt;int:pk&gt;/', captured_kwargs={'pk': 1})

</system-out><system-err>--------------------------------- Captured Err ---------------------------------

</system-err></testcase><testcase classname="app.tests.test_urls.TestUrls" name="test_galery_url_is_resolved" file="app\tests\test_urls.py" line="20" time="0.001"><system-out>--------------------------------- Captured Log ---------------------------------

--------------------------------- Captured Out ---------------------------------
ResolverMatch(func=app.views.galery, args=(), kwargs={}, url_name='website-galery', app_names=[], namespaces=[], route='galery/')

</system-out><system-err>--------------------------------- Captured Err ---------------------------------

</system-err></testcase><testcase classname="app.tests.test_urls.TestUrls" name="test_home_url_is_resolved" file="app\tests\test_urls.py" line="10" time="0.001"><system-out>--------------------------------- Captured Log ---------------------------------

--------------------------------- Captured Out ---------------------------------
ResolverMatch(func=app.views.PostListView, args=(), kwargs={}, url_name='website-home', app_names=[], namespaces=[], route='')

</system-out><system-err>--------------------------------- Captured Err ---------------------------------

</system-err></testcase><testcase classname="app.tests.test_urls.TestUrls" name="test_login_url_is_resolved" file="app\tests\test_urls.py" line="65" time="0.001"><system-out>--------------------------------- Captured Log ---------------------------------

--------------------------------- Captured Out ---------------------------------
ResolverMatch(func=django.contrib.auth.views.LoginView, args=(), kwargs={}, url_name='login', app_names=[], namespaces=[], route='login/')

</system-out><system-err>--------------------------------- Captured Err ---------------------------------

</system-err></testcase><testcase classname="app.tests.test_urls.TestUrls" name="test_logout_url_is_resolved" file="app\tests\test_urls.py" line="70" time="0.001"><system-out>--------------------------------- Captured Log ---------------------------------

--------------------------------- Captured Out ---------------------------------
ResolverMatch(func=django.contrib.auth.views.LogoutView, args=(), kwargs={}, url_name='logout', app_names=[], namespaces=[], route='logout/')

</system-out><system-err>--------------------------------- Captured Err ---------------------------------

</system-err></testcase><testcase classname="app.tests.test_urls.TestUrls" name="test_password_success_url_is_resolved" file="app\tests\test_urls.py" line="80" time="0.001"><system-out>--------------------------------- Captured Log ---------------------------------

--------------------------------- Captured Out ---------------------------------
ResolverMatch(func=Users.views.password_success, args=(), kwargs={}, url_name='password-success', app_names=[], namespaces=[], route='password-success/')

</system-out><system-err>--------------------------------- Captured Err ---------------------------------

</system-err></testcase><testcase classname="app.tests.test_urls.TestUrls" name="test_password_url_is_resolved" file="app\tests\test_urls.py" line="75" time="0.001"><system-out>--------------------------------- Captured Log ---------------------------------

--------------------------------- Captured Out ---------------------------------
ResolverMatch(func=Users.views.PasswordsChangeView, args=(), kwargs={}, url_name='password', app_names=[], namespaces=[], route='password/')

</system-out><system-err>--------------------------------- Captured Err ---------------------------------

</system-err></testcase><testcase classname="app.tests.test_urls.TestUrls" name="test_prenumerate_url_is_resolved" file="app\tests\test_urls.py" line="25" time="0.001"><system-out>--------------------------------- Captured Log ---------------------------------

--------------------------------- Captured Out ---------------------------------
ResolverMatch(func=app.views.prenumerate, args=(), kwargs={}, url_name='website-prenumerate', app_names=[], namespaces=[], route='prenumerate/')

</system-out><system-err>--------------------------------- Captured Err ---------------------------------

</system-err></testcase><testcase classname="app.tests.test_urls.TestUrls" name="test_profile_url_is_resolved" file="app\tests\test_urls.py" line="60" time="0.001"><system-out>--------------------------------- Captured Log ---------------------------------

--------------------------------- Captured Out ---------------------------------
ResolverMatch(func=Users.views.profile, args=(), kwargs={}, url_name='profile', app_names=[], namespaces=[], route='profile/')

</system-out><system-err>--------------------------------- Captured Err ---------------------------------

</system-err></testcase><testcase classname="app.tests.test_urls.TestUrls" name="test_register_url_is_resolved" file="app\tests\test_urls.py" line="55" time="0.001"><system-out>--------------------------------- Captured Log ---------------------------------

--------------------------------- Captured Out ---------------------------------
ResolverMatch(func=Users.views.register, args=(), kwargs={}, url_name='register', app_names=[], namespaces=[], route='register/')

</system-out><system-err>--------------------------------- Captured Err ---------------------------------

</system-err></testcase><testcase classname="app.tests.test_urls.TestUrls" name="test_update_url_is_resolved" file="app\tests\test_urls.py" line="40" time="0.001"><system-out>--------------------------------- Captured Log ---------------------------------

--------------------------------- Captured Out ---------------------------------
ResolverMatch(func=app.views.PostUpdateView, args=(), kwargs={'pk': 1}, url_name='post-update', app_names=[], namespaces=[], route='post/&lt;int:pk&gt;/update/', captured_kwargs={'pk': 1})

</system-out><system-err>--------------------------------- Captured Err ---------------------------------

</system-err></testcase><testcase classname="app.tests.test_urls.TestUrls" name="test_userposts_url_is_resolved" file="app\tests\test_urls.py" line="50" time="0.001"><system-out>--------------------------------- Captured Log ---------------------------------

--------------------------------- Captured Out ---------------------------------
ResolverMatch(func=app.views.UserPostListView, args=(), kwargs={'username': '1'}, url_name='user-posts', app_names=[], namespaces=[], route='_user/&lt;str:username&gt;', captured_kwargs={'username': '1'})

</system-out><system-err>--------------------------------- Captured Err ---------------------------------

</system-err></testcase><testcase classname="app.tests.test_views.TestView" name="test_project_home_GET" file="app\tests\test_views.py" line="20" time="0.186"><failure message="django.db.utils.IntegrityError: UNIQUE constraint failed: auth_user.username">self = &lt;django.db.backends.utils.CursorDebugWrapper object at 0x0000020DF47598E0&gt;
sql = 'INSERT INTO "auth_user" ("password", "last_login", "is_superuser", "username", "first_name", "last_name", "email", "is_staff", "is_active", "date_joined") VALUES (%s, %s, %s, %s, %s, %s, %s, %s, %s, %s) RETURNING "auth_user"."id"'
params = ('pbkdf2_sha256$390000$qdL94kPeQGbq7aQZb1KDgz$OgHbmjci7rPDJwpBid7UBBI7lptGOSPvbXzFONSTgi0=', None, False, 'Chevy Chase', '', '', ...)
ignored_wrapper_args = (False, {'connection': &lt;DatabaseWrapper vendor='sqlite' alias='default'&gt;, 'cursor': &lt;django.db.backends.utils.CursorDebugWrapper object at 0x0000020DF47598E0&gt;})

    def _execute(self, sql, params, *ignored_wrapper_args):
        self.db.validate_no_broken_transaction()
        with self.db.wrap_database_errors:
            if params is None:
                # params default might be backend specific.
                return self.cursor.execute(sql)
            else:
&gt;               return self.cursor.execute(sql, params)

env1\lib\site-packages\django\db\backends\utils.py:89: 
_ _ _ _ _ _ _ _ _ _ _ _ _ _ _ _ _ _ _ _ _ _ _ _ _ _ _ _ _ _ _ _ _ _ _ _ _ _ _ _

self = &lt;django.db.backends.sqlite3.base.SQLiteCursorWrapper object at 0x0000020DF45380D0&gt;
query = 'INSERT INTO "auth_user" ("password", "last_login", "is_superuser", "username", "first_name", "last_name", "email", "is_staff", "is_active", "date_joined") VALUES (?, ?, ?, ?, ?, ?, ?, ?, ?, ?) RETURNING "auth_user"."id"'
params = ('pbkdf2_sha256$390000$qdL94kPeQGbq7aQZb1KDgz$OgHbmjci7rPDJwpBid7UBBI7lptGOSPvbXzFONSTgi0=', None, False, 'Chevy Chase', '', '', ...)

    def execute(self, query, params=None):
        if params is None:
            return Database.Cursor.execute(self, query)
        query = self.convert_query(query)
&gt;       return Database.Cursor.execute(self, query, params)
E       sqlite3.IntegrityError: UNIQUE constraint failed: auth_user.username

env1\lib\site-packages\django\db\backends\sqlite3\base.py:357: IntegrityError

The above exception was the direct cause of the following exception:

self = &lt;app.tests.test_views.TestView testMethod=test_project_home_GET&gt;

    def setUp(self):
        # Create some users
&gt;       self.user_1 = User.objects.create_user('Chevy Chase', 'chevy@chase.com', 'chevyspassword')

app\tests\test_views.py:13: 
_ _ _ _ _ _ _ _ _ _ _ _ _ _ _ _ _ _ _ _ _ _ _ _ _ _ _ _ _ _ _ _ _ _ _ _ _ _ _ _
env1\lib\site-packages\django\contrib\auth\models.py:161: in create_user
    return self._create_user(username, email, password, **extra_fields)
env1\lib\site-packages\django\contrib\auth\models.py:155: in _create_user
    user.save(using=self._db)
env1\lib\site-packages\django\contrib\auth\base_user.py:68: in save
    super().save(*args, **kwargs)
env1\lib\site-packages\django\db\models\base.py:812: in save
    self.save_base(
env1\lib\site-packages\django\db\models\base.py:863: in save_base
    updated = self._save_table(
env1\lib\site-packages\django\db\models\base.py:1006: in _save_table
    results = self._do_insert(
env1\lib\site-packages\django\db\models\base.py:1047: in _do_insert
    return manager._insert(
env1\lib\site-packages\django\db\models\manager.py:85: in manager_method
    return getattr(self.get_queryset(), name)(*args, **kwargs)
env1\lib\site-packages\django\db\models\query.py:1790: in _insert
    return query.get_compiler(using=using).execute_sql(returning_fields)
env1\lib\site-packages\django\db\models\sql\compiler.py:1660: in execute_sql
    cursor.execute(sql, params)
env1\lib\site-packages\django\db\backends\utils.py:103: in execute
    return super().execute(sql, params)
env1\lib\site-packages\django\db\backends\utils.py:67: in execute
    return self._execute_with_wrappers(
env1\lib\site-packages\django\db\backends\utils.py:80: in _execute_with_wrappers
    return executor(sql, params, many, context)
env1\lib\site-packages\django\db\backends\utils.py:89: in _execute
    return self.cursor.execute(sql, params)
env1\lib\site-packages\django\db\utils.py:91: in __exit__
    raise dj_exc_value.with_traceback(traceback) from exc_value
env1\lib\site-packages\django\db\backends\utils.py:89: in _execute
    return self.cursor.execute(sql, params)
_ _ _ _ _ _ _ _ _ _ _ _ _ _ _ _ _ _ _ _ _ _ _ _ _ _ _ _ _ _ _ _ _ _ _ _ _ _ _ _

self = &lt;django.db.backends.sqlite3.base.SQLiteCursorWrapper object at 0x0000020DF45380D0&gt;
query = 'INSERT INTO "auth_user" ("password", "last_login", "is_superuser", "username", "first_name", "last_name", "email", "is_staff", "is_active", "date_joined") VALUES (?, ?, ?, ?, ?, ?, ?, ?, ?, ?) RETURNING "auth_user"."id"'
params = ('pbkdf2_sha256$390000$qdL94kPeQGbq7aQZb1KDgz$OgHbmjci7rPDJwpBid7UBBI7lptGOSPvbXzFONSTgi0=', None, False, 'Chevy Chase', '', '', ...)

    def execute(self, query, params=None):
        if params is None:
            return Database.Cursor.execute(self, query)
        query = self.convert_query(query)
&gt;       return Database.Cursor.execute(self, query, params)
E       django.db.utils.IntegrityError: UNIQUE constraint failed: auth_user.username

env1\lib\site-packages\django\db\backends\sqlite3\base.py:357: IntegrityError</failure><system-out>--------------------------------- Captured Log ---------------------------------

--------------------------------- Captured Out ---------------------------------

</system-out><system-err>--------------------------------- Captured Err ---------------------------------

</system-err></testcase><testcase classname="app.tests.test_views.TestView" name="test_project_postdetail_GET" file="app\tests\test_views.py" line="30" time="0.223"><failure message="django.db.utils.IntegrityError: UNIQUE constraint failed: auth_user.username">self = &lt;django.db.backends.utils.CursorDebugWrapper object at 0x0000020DF49B9C10&gt;
sql = 'INSERT INTO "auth_user" ("password", "last_login", "is_superuser", "username", "first_name", "last_name", "email", "is_staff", "is_active", "date_joined") VALUES (%s, %s, %s, %s, %s, %s, %s, %s, %s, %s) RETURNING "auth_user"."id"'
params = ('pbkdf2_sha256$390000$W1jlIny25r7pRhoXqaj3u5$lj757Ysy+NWyXleJnoTxg7Og3UZi05r/nmRHdXVGDhQ=', None, False, 'Chevy Chase', '', '', ...)
ignored_wrapper_args = (False, {'connection': &lt;DatabaseWrapper vendor='sqlite' alias='default'&gt;, 'cursor': &lt;django.db.backends.utils.CursorDebugWrapper object at 0x0000020DF49B9C10&gt;})

    def _execute(self, sql, params, *ignored_wrapper_args):
        self.db.validate_no_broken_transaction()
        with self.db.wrap_database_errors:
            if params is None:
                # params default might be backend specific.
                return self.cursor.execute(sql)
            else:
&gt;               return self.cursor.execute(sql, params)

env1\lib\site-packages\django\db\backends\utils.py:89: 
_ _ _ _ _ _ _ _ _ _ _ _ _ _ _ _ _ _ _ _ _ _ _ _ _ _ _ _ _ _ _ _ _ _ _ _ _ _ _ _

self = &lt;django.db.backends.sqlite3.base.SQLiteCursorWrapper object at 0x0000020DF44860D0&gt;
query = 'INSERT INTO "auth_user" ("password", "last_login", "is_superuser", "username", "first_name", "last_name", "email", "is_staff", "is_active", "date_joined") VALUES (?, ?, ?, ?, ?, ?, ?, ?, ?, ?) RETURNING "auth_user"."id"'
params = ('pbkdf2_sha256$390000$W1jlIny25r7pRhoXqaj3u5$lj757Ysy+NWyXleJnoTxg7Og3UZi05r/nmRHdXVGDhQ=', None, False, 'Chevy Chase', '', '', ...)

    def execute(self, query, params=None):
        if params is None:
            return Database.Cursor.execute(self, query)
        query = self.convert_query(query)
&gt;       return Database.Cursor.execute(self, query, params)
E       sqlite3.IntegrityError: UNIQUE constraint failed: auth_user.username

env1\lib\site-packages\django\db\backends\sqlite3\base.py:357: IntegrityError

The above exception was the direct cause of the following exception:

self = &lt;app.tests.test_views.TestView testMethod=test_project_postdetail_GET&gt;

    def setUp(self):
        # Create some users
&gt;       self.user_1 = User.objects.create_user('Chevy Chase', 'chevy@chase.com', 'chevyspassword')

app\tests\test_views.py:13: 
_ _ _ _ _ _ _ _ _ _ _ _ _ _ _ _ _ _ _ _ _ _ _ _ _ _ _ _ _ _ _ _ _ _ _ _ _ _ _ _
env1\lib\site-packages\django\contrib\auth\models.py:161: in create_user
    return self._create_user(username, email, password, **extra_fields)
env1\lib\site-packages\django\contrib\auth\models.py:155: in _create_user
    user.save(using=self._db)
env1\lib\site-packages\django\contrib\auth\base_user.py:68: in save
    super().save(*args, **kwargs)
env1\lib\site-packages\django\db\models\base.py:812: in save
    self.save_base(
env1\lib\site-packages\django\db\models\base.py:863: in save_base
    updated = self._save_table(
env1\lib\site-packages\django\db\models\base.py:1006: in _save_table
    results = self._do_insert(
env1\lib\site-packages\django\db\models\base.py:1047: in _do_insert
    return manager._insert(
env1\lib\site-packages\django\db\models\manager.py:85: in manager_method
    return getattr(self.get_queryset(), name)(*args, **kwargs)
env1\lib\site-packages\django\db\models\query.py:1790: in _insert
    return query.get_compiler(using=using).execute_sql(returning_fields)
env1\lib\site-packages\django\db\models\sql\compiler.py:1660: in execute_sql
    cursor.execute(sql, params)
env1\lib\site-packages\django\db\backends\utils.py:103: in execute
    return super().execute(sql, params)
env1\lib\site-packages\django\db\backends\utils.py:67: in execute
    return self._execute_with_wrappers(
env1\lib\site-packages\django\db\backends\utils.py:80: in _execute_with_wrappers
    return executor(sql, params, many, context)
env1\lib\site-packages\django\db\backends\utils.py:89: in _execute
    return self.cursor.execute(sql, params)
env1\lib\site-packages\django\db\utils.py:91: in __exit__
    raise dj_exc_value.with_traceback(traceback) from exc_value
env1\lib\site-packages\django\db\backends\utils.py:89: in _execute
    return self.cursor.execute(sql, params)
_ _ _ _ _ _ _ _ _ _ _ _ _ _ _ _ _ _ _ _ _ _ _ _ _ _ _ _ _ _ _ _ _ _ _ _ _ _ _ _

self = &lt;django.db.backends.sqlite3.base.SQLiteCursorWrapper object at 0x0000020DF44860D0&gt;
query = 'INSERT INTO "auth_user" ("password", "last_login", "is_superuser", "username", "first_name", "last_name", "email", "is_staff", "is_active", "date_joined") VALUES (?, ?, ?, ?, ?, ?, ?, ?, ?, ?) RETURNING "auth_user"."id"'
params = ('pbkdf2_sha256$390000$W1jlIny25r7pRhoXqaj3u5$lj757Ysy+NWyXleJnoTxg7Og3UZi05r/nmRHdXVGDhQ=', None, False, 'Chevy Chase', '', '', ...)

    def execute(self, query, params=None):
        if params is None:
            return Database.Cursor.execute(self, query)
        query = self.convert_query(query)
&gt;       return Database.Cursor.execute(self, query, params)
E       django.db.utils.IntegrityError: UNIQUE constraint failed: auth_user.username

env1\lib\site-packages\django\db\backends\sqlite3\base.py:357: IntegrityError</failure><system-out>--------------------------------- Captured Log ---------------------------------

--------------------------------- Captured Out ---------------------------------

</system-out><system-err>--------------------------------- Captured Err ---------------------------------

</system-err></testcase></testsuite></testsuites>