<?xml version="1.0" encoding="utf-8"?><testsuites><testsuite name="pytest" errors="1" failures="3" skipped="0" tests="17" time="1.057" timestamp="2022-12-02T01:00:35.810274" hostname="Sangu-PC"><testcase classname="app.tests.test_models.ModelsView" name="test_user_is_assigned" file="app\tests\test_models.py" line="11" time="0.189"><failure message="django.db.utils.IntegrityError: UNIQUE constraint failed: auth_user.username">self = &lt;django.db.backends.utils.CursorDebugWrapper object at 0x000001721020D1C0&gt;
sql = 'INSERT INTO "auth_user" ("password", "last_login", "is_superuser", "username", "first_name", "last_name", "email", "is_staff", "is_active", "date_joined") VALUES (%s, %s, %s, %s, %s, %s, %s, %s, %s, %s) RETURNING "auth_user"."id"'
params = ('pbkdf2_sha256$390000$kjEHI2J9VHZvU5dFVaNCwM$NhJJBrQ1ZRYpB0o3XO7lgZ54hk+CUm08iGzvbvh8DGw=', None, False, 'newuser112', '', '', ...)
ignored_wrapper_args = (False, {'connection': &lt;DatabaseWrapper vendor='sqlite' alias='default'&gt;, 'cursor': &lt;django.db.backends.utils.CursorDebugWrapper object at 0x000001721020D1C0&gt;})

    def _execute(self, sql, params, *ignored_wrapper_args):
        self.db.validate_no_broken_transaction()
        with self.db.wrap_database_errors:
            if params is None:
                # params default might be backend specific.
                return self.cursor.execute(sql)
            else:
&gt;               return self.cursor.execute(sql, params)

env1\lib\site-packages\django\db\backends\utils.py:89: 
_ _ _ _ _ _ _ _ _ _ _ _ _ _ _ _ _ _ _ _ _ _ _ _ _ _ _ _ _ _ _ _ _ _ _ _ _ _ _ _

self = &lt;django.db.backends.sqlite3.base.SQLiteCursorWrapper object at 0x000001720E8E1040&gt;
query = 'INSERT INTO "auth_user" ("password", "last_login", "is_superuser", "username", "first_name", "last_name", "email", "is_staff", "is_active", "date_joined") VALUES (?, ?, ?, ?, ?, ?, ?, ?, ?, ?) RETURNING "auth_user"."id"'
params = ('pbkdf2_sha256$390000$kjEHI2J9VHZvU5dFVaNCwM$NhJJBrQ1ZRYpB0o3XO7lgZ54hk+CUm08iGzvbvh8DGw=', None, False, 'newuser112', '', '', ...)

    def execute(self, query, params=None):
        if params is None:
            return Database.Cursor.execute(self, query)
        query = self.convert_query(query)
&gt;       return Database.Cursor.execute(self, query, params)
E       sqlite3.IntegrityError: UNIQUE constraint failed: auth_user.username

env1\lib\site-packages\django\db\backends\sqlite3\base.py:357: IntegrityError

The above exception was the direct cause of the following exception:

self = &lt;app.tests.test_models.ModelsView testMethod=test_user_is_assigned&gt;

    def test_user_is_assigned(self):
&gt;       self.user = User.objects.create_user('newuser112','pastas@mail.com','Testas12345.')

app\tests\test_models.py:13: 
_ _ _ _ _ _ _ _ _ _ _ _ _ _ _ _ _ _ _ _ _ _ _ _ _ _ _ _ _ _ _ _ _ _ _ _ _ _ _ _
env1\lib\site-packages\django\contrib\auth\models.py:161: in create_user
    return self._create_user(username, email, password, **extra_fields)
env1\lib\site-packages\django\contrib\auth\models.py:155: in _create_user
    user.save(using=self._db)
env1\lib\site-packages\django\contrib\auth\base_user.py:68: in save
    super().save(*args, **kwargs)
env1\lib\site-packages\django\db\models\base.py:812: in save
    self.save_base(
env1\lib\site-packages\django\db\models\base.py:863: in save_base
    updated = self._save_table(
env1\lib\site-packages\django\db\models\base.py:1006: in _save_table
    results = self._do_insert(
env1\lib\site-packages\django\db\models\base.py:1047: in _do_insert
    return manager._insert(
env1\lib\site-packages\django\db\models\manager.py:85: in manager_method
    return getattr(self.get_queryset(), name)(*args, **kwargs)
env1\lib\site-packages\django\db\models\query.py:1790: in _insert
    return query.get_compiler(using=using).execute_sql(returning_fields)
env1\lib\site-packages\django\db\models\sql\compiler.py:1660: in execute_sql
    cursor.execute(sql, params)
env1\lib\site-packages\django\db\backends\utils.py:103: in execute
    return super().execute(sql, params)
env1\lib\site-packages\django\db\backends\utils.py:67: in execute
    return self._execute_with_wrappers(
env1\lib\site-packages\django\db\backends\utils.py:80: in _execute_with_wrappers
    return executor(sql, params, many, context)
env1\lib\site-packages\django\db\backends\utils.py:89: in _execute
    return self.cursor.execute(sql, params)
env1\lib\site-packages\django\db\utils.py:91: in __exit__
    raise dj_exc_value.with_traceback(traceback) from exc_value
env1\lib\site-packages\django\db\backends\utils.py:89: in _execute
    return self.cursor.execute(sql, params)
_ _ _ _ _ _ _ _ _ _ _ _ _ _ _ _ _ _ _ _ _ _ _ _ _ _ _ _ _ _ _ _ _ _ _ _ _ _ _ _

self = &lt;django.db.backends.sqlite3.base.SQLiteCursorWrapper object at 0x000001720E8E1040&gt;
query = 'INSERT INTO "auth_user" ("password", "last_login", "is_superuser", "username", "first_name", "last_name", "email", "is_staff", "is_active", "date_joined") VALUES (?, ?, ?, ?, ?, ?, ?, ?, ?, ?) RETURNING "auth_user"."id"'
params = ('pbkdf2_sha256$390000$kjEHI2J9VHZvU5dFVaNCwM$NhJJBrQ1ZRYpB0o3XO7lgZ54hk+CUm08iGzvbvh8DGw=', None, False, 'newuser112', '', '', ...)

    def execute(self, query, params=None):
        if params is None:
            return Database.Cursor.execute(self, query)
        query = self.convert_query(query)
&gt;       return Database.Cursor.execute(self, query, params)
E       django.db.utils.IntegrityError: UNIQUE constraint failed: auth_user.username

env1\lib\site-packages\django\db\backends\sqlite3\base.py:357: IntegrityError</failure></testcase><testcase classname="app.tests.test_models.ModelsView" name="test_user_is_assigned" file="app\tests\test_models.py" line="11" time="0.000"><error message="failed on teardown with &quot;AttributeError: 'ModelsView' object has no attribute 'user'&quot;">self = &lt;app.tests.test_models.ModelsView testMethod=test_user_is_assigned&gt;

    def tearDown(self):
        # Clean up after each test
&gt;       self.user.delete()
E       AttributeError: 'ModelsView' object has no attribute 'user'

app\tests\test_models.py:22: AttributeError</error><system-out>--------------------------------- Captured Log ---------------------------------

--------------------------------- Captured Out ---------------------------------

</system-out><system-err>--------------------------------- Captured Err ---------------------------------

</system-err></testcase><testcase classname="app.tests.test_urls.TestUrls" name="test_about_url_is_resolved" file="app\tests\test_urls.py" line="13" time="0.010"><system-out>--------------------------------- Captured Log ---------------------------------

--------------------------------- Captured Out ---------------------------------
ResolverMatch(func=app.views.about, args=(), kwargs={}, url_name='website-about', app_names=[], namespaces=[], route='about/')

</system-out><system-err>--------------------------------- Captured Err ---------------------------------

</system-err></testcase><testcase classname="app.tests.test_urls.TestUrls" name="test_create_url_is_resolved" file="app\tests\test_urls.py" line="36" time="0.001"><system-out>--------------------------------- Captured Log ---------------------------------

--------------------------------- Captured Out ---------------------------------
ResolverMatch(func=app.views.PostCreateView, args=(), kwargs={}, url_name='post-create', app_names=[], namespaces=[], route='post/new/')

</system-out><system-err>--------------------------------- Captured Err ---------------------------------

</system-err></testcase><testcase classname="app.tests.test_urls.TestUrls" name="test_delete_url_is_resolved" file="app\tests\test_urls.py" line="46" time="0.001"><system-out>--------------------------------- Captured Log ---------------------------------

--------------------------------- Captured Out ---------------------------------
ResolverMatch(func=app.views.PostDeleteView, args=(), kwargs={'pk': 1}, url_name='post-delete', app_names=[], namespaces=[], route='post/&lt;int:pk&gt;/delete/', captured_kwargs={'pk': 1})

</system-out><system-err>--------------------------------- Captured Err ---------------------------------

</system-err></testcase><testcase classname="app.tests.test_urls.TestUrls" name="test_details_url_is_resolved" file="app\tests\test_urls.py" line="31" time="0.001"><system-out>--------------------------------- Captured Log ---------------------------------

--------------------------------- Captured Out ---------------------------------
ResolverMatch(func=app.views.PostDetailView, args=(), kwargs={'pk': 1}, url_name='post-detail', app_names=[], namespaces=[], route='post/&lt;int:pk&gt;/', captured_kwargs={'pk': 1})

</system-out><system-err>--------------------------------- Captured Err ---------------------------------

</system-err></testcase><testcase classname="app.tests.test_urls.TestUrls" name="test_galery_url_is_resolved" file="app\tests\test_urls.py" line="21" time="0.001"><system-out>--------------------------------- Captured Log ---------------------------------

--------------------------------- Captured Out ---------------------------------
ResolverMatch(func=app.views.galery, args=(), kwargs={}, url_name='website-galery', app_names=[], namespaces=[], route='galery/')

</system-out><system-err>--------------------------------- Captured Err ---------------------------------

</system-err></testcase><testcase classname="app.tests.test_urls.TestUrls" name="test_home_url_is_resolved" file="app\tests\test_urls.py" line="8" time="0.001"><system-out>--------------------------------- Captured Log ---------------------------------

--------------------------------- Captured Out ---------------------------------
ResolverMatch(func=app.views.PostListView, args=(), kwargs={}, url_name='website-home', app_names=[], namespaces=[], route='')

</system-out><system-err>--------------------------------- Captured Err ---------------------------------

</system-err></testcase><testcase classname="app.tests.test_urls.TestUrls" name="test_login_url_is_resolved" file="app\tests\test_urls.py" line="66" time="0.001"><system-out>--------------------------------- Captured Log ---------------------------------

--------------------------------- Captured Out ---------------------------------
ResolverMatch(func=django.contrib.auth.views.LoginView, args=(), kwargs={}, url_name='login', app_names=[], namespaces=[], route='login/')

</system-out><system-err>--------------------------------- Captured Err ---------------------------------

</system-err></testcase><testcase classname="app.tests.test_urls.TestUrls" name="test_logout_url_is_resolved" file="app\tests\test_urls.py" line="71" time="0.001"><system-out>--------------------------------- Captured Log ---------------------------------

--------------------------------- Captured Out ---------------------------------
ResolverMatch(func=django.contrib.auth.views.LogoutView, args=(), kwargs={}, url_name='logout', app_names=[], namespaces=[], route='logout/')

</system-out><system-err>--------------------------------- Captured Err ---------------------------------

</system-err></testcase><testcase classname="app.tests.test_urls.TestUrls" name="test_passwordreset_url_is_resolved" file="app\tests\test_urls.py" line="76" time="0.001"><system-out>--------------------------------- Captured Log ---------------------------------

--------------------------------- Captured Out ---------------------------------
ResolverMatch(func=django.contrib.auth.views.PasswordResetView, args=(), kwargs={}, url_name='password-reset', app_names=[], namespaces=[], route='password-reset/')

</system-out><system-err>--------------------------------- Captured Err ---------------------------------

</system-err></testcase><testcase classname="app.tests.test_urls.TestUrls" name="test_prenumerate_url_is_resolved" file="app\tests\test_urls.py" line="26" time="0.001"><system-out>--------------------------------- Captured Log ---------------------------------

--------------------------------- Captured Out ---------------------------------
ResolverMatch(func=app.views.prenumerate, args=(), kwargs={}, url_name='website-prenumerate', app_names=[], namespaces=[], route='prenumerate/')

</system-out><system-err>--------------------------------- Captured Err ---------------------------------

</system-err></testcase><testcase classname="app.tests.test_urls.TestUrls" name="test_profile_url_is_resolved" file="app\tests\test_urls.py" line="61" time="0.001"><system-out>--------------------------------- Captured Log ---------------------------------

--------------------------------- Captured Out ---------------------------------
ResolverMatch(func=Users.views.profile, args=(), kwargs={}, url_name='profile', app_names=[], namespaces=[], route='profile/')

</system-out><system-err>--------------------------------- Captured Err ---------------------------------

</system-err></testcase><testcase classname="app.tests.test_urls.TestUrls" name="test_register_url_is_resolved" file="app\tests\test_urls.py" line="56" time="0.001"><system-out>--------------------------------- Captured Log ---------------------------------

--------------------------------- Captured Out ---------------------------------
ResolverMatch(func=Users.views.register, args=(), kwargs={}, url_name='register', app_names=[], namespaces=[], route='register/')

</system-out><system-err>--------------------------------- Captured Err ---------------------------------

</system-err></testcase><testcase classname="app.tests.test_urls.TestUrls" name="test_update_url_is_resolved" file="app\tests\test_urls.py" line="41" time="0.001"><system-out>--------------------------------- Captured Log ---------------------------------

--------------------------------- Captured Out ---------------------------------
ResolverMatch(func=app.views.PostUpdateView, args=(), kwargs={'pk': 1}, url_name='post-update', app_names=[], namespaces=[], route='post/&lt;int:pk&gt;/update/', captured_kwargs={'pk': 1})

</system-out><system-err>--------------------------------- Captured Err ---------------------------------

</system-err></testcase><testcase classname="app.tests.test_urls.TestUrls" name="test_userposts_url_is_resolved" file="app\tests\test_urls.py" line="51" time="0.001"><system-out>--------------------------------- Captured Log ---------------------------------

--------------------------------- Captured Out ---------------------------------
ResolverMatch(func=app.views.UserPostListView, args=(), kwargs={'username': '1'}, url_name='user-posts', app_names=[], namespaces=[], route='_user/&lt;str:username&gt;', captured_kwargs={'username': '1'})

</system-out><system-err>--------------------------------- Captured Err ---------------------------------

</system-err></testcase><testcase classname="app.tests.test_views.TestView" name="test_project_home_GET" file="app\tests\test_views.py" line="27" time="0.001"><failure message="django.db.utils.IntegrityError: UNIQUE constraint failed: auth_user.username">self = &lt;django.db.backends.utils.CursorDebugWrapper object at 0x0000017210861880&gt;
sql = 'INSERT INTO "auth_user" ("password", "last_login", "is_superuser", "username", "first_name", "last_name", "email", "is_staff", "is_active", "date_joined") VALUES (%s, %s, %s, %s, %s, %s, %s, %s, %s, %s) RETURNING "auth_user"."id"'
params = ('Testas12345.', None, False, 'naujasuseris', '', '', ...)
ignored_wrapper_args = (False, {'connection': &lt;DatabaseWrapper vendor='sqlite' alias='default'&gt;, 'cursor': &lt;django.db.backends.utils.CursorDebugWrapper object at 0x0000017210861880&gt;})

    def _execute(self, sql, params, *ignored_wrapper_args):
        self.db.validate_no_broken_transaction()
        with self.db.wrap_database_errors:
            if params is None:
                # params default might be backend specific.
                return self.cursor.execute(sql)
            else:
&gt;               return self.cursor.execute(sql, params)

env1\lib\site-packages\django\db\backends\utils.py:89: 
_ _ _ _ _ _ _ _ _ _ _ _ _ _ _ _ _ _ _ _ _ _ _ _ _ _ _ _ _ _ _ _ _ _ _ _ _ _ _ _

self = &lt;django.db.backends.sqlite3.base.SQLiteCursorWrapper object at 0x000001721030A040&gt;
query = 'INSERT INTO "auth_user" ("password", "last_login", "is_superuser", "username", "first_name", "last_name", "email", "is_staff", "is_active", "date_joined") VALUES (?, ?, ?, ?, ?, ?, ?, ?, ?, ?) RETURNING "auth_user"."id"'
params = ('Testas12345.', None, False, 'naujasuseris', '', '', ...)

    def execute(self, query, params=None):
        if params is None:
            return Database.Cursor.execute(self, query)
        query = self.convert_query(query)
&gt;       return Database.Cursor.execute(self, query, params)
E       sqlite3.IntegrityError: UNIQUE constraint failed: auth_user.username

env1\lib\site-packages\django\db\backends\sqlite3\base.py:357: IntegrityError

The above exception was the direct cause of the following exception:

self = &lt;app.tests.test_views.TestView testMethod=test_project_home_GET&gt;

    def setUp(self):
        self.client = Client()
        self.home_url = reverse('website-home')
        self.detail_url = reverse('post-detail', args='1')
&gt;       user = User.objects.create(
            username='naujasuseris',
            email='pastas@mail.com',
            password='Testas12345.')

app\tests\test_views.py:15: 
_ _ _ _ _ _ _ _ _ _ _ _ _ _ _ _ _ _ _ _ _ _ _ _ _ _ _ _ _ _ _ _ _ _ _ _ _ _ _ _
env1\lib\site-packages\django\db\models\manager.py:85: in manager_method
    return getattr(self.get_queryset(), name)(*args, **kwargs)
env1\lib\site-packages\django\db\models\query.py:671: in create
    obj.save(force_insert=True, using=self.db)
env1\lib\site-packages\django\contrib\auth\base_user.py:68: in save
    super().save(*args, **kwargs)
env1\lib\site-packages\django\db\models\base.py:812: in save
    self.save_base(
env1\lib\site-packages\django\db\models\base.py:863: in save_base
    updated = self._save_table(
env1\lib\site-packages\django\db\models\base.py:1006: in _save_table
    results = self._do_insert(
env1\lib\site-packages\django\db\models\base.py:1047: in _do_insert
    return manager._insert(
env1\lib\site-packages\django\db\models\manager.py:85: in manager_method
    return getattr(self.get_queryset(), name)(*args, **kwargs)
env1\lib\site-packages\django\db\models\query.py:1790: in _insert
    return query.get_compiler(using=using).execute_sql(returning_fields)
env1\lib\site-packages\django\db\models\sql\compiler.py:1660: in execute_sql
    cursor.execute(sql, params)
env1\lib\site-packages\django\db\backends\utils.py:103: in execute
    return super().execute(sql, params)
env1\lib\site-packages\django\db\backends\utils.py:67: in execute
    return self._execute_with_wrappers(
env1\lib\site-packages\django\db\backends\utils.py:80: in _execute_with_wrappers
    return executor(sql, params, many, context)
env1\lib\site-packages\django\db\backends\utils.py:89: in _execute
    return self.cursor.execute(sql, params)
env1\lib\site-packages\django\db\utils.py:91: in __exit__
    raise dj_exc_value.with_traceback(traceback) from exc_value
env1\lib\site-packages\django\db\backends\utils.py:89: in _execute
    return self.cursor.execute(sql, params)
_ _ _ _ _ _ _ _ _ _ _ _ _ _ _ _ _ _ _ _ _ _ _ _ _ _ _ _ _ _ _ _ _ _ _ _ _ _ _ _

self = &lt;django.db.backends.sqlite3.base.SQLiteCursorWrapper object at 0x000001721030A040&gt;
query = 'INSERT INTO "auth_user" ("password", "last_login", "is_superuser", "username", "first_name", "last_name", "email", "is_staff", "is_active", "date_joined") VALUES (?, ?, ?, ?, ?, ?, ?, ?, ?, ?) RETURNING "auth_user"."id"'
params = ('Testas12345.', None, False, 'naujasuseris', '', '', ...)

    def execute(self, query, params=None):
        if params is None:
            return Database.Cursor.execute(self, query)
        query = self.convert_query(query)
&gt;       return Database.Cursor.execute(self, query, params)
E       django.db.utils.IntegrityError: UNIQUE constraint failed: auth_user.username

env1\lib\site-packages\django\db\backends\sqlite3\base.py:357: IntegrityError</failure><system-out>--------------------------------- Captured Log ---------------------------------

--------------------------------- Captured Out ---------------------------------

</system-out><system-err>--------------------------------- Captured Err ---------------------------------

</system-err></testcase><testcase classname="app.tests.test_views.TestView" name="test_project_postdetail_GET" file="app\tests\test_views.py" line="36" time="0.001"><failure message="django.db.utils.IntegrityError: UNIQUE constraint failed: auth_user.username">self = &lt;django.db.backends.utils.CursorDebugWrapper object at 0x00000172104F4610&gt;
sql = 'INSERT INTO "auth_user" ("password", "last_login", "is_superuser", "username", "first_name", "last_name", "email", "is_staff", "is_active", "date_joined") VALUES (%s, %s, %s, %s, %s, %s, %s, %s, %s, %s) RETURNING "auth_user"."id"'
params = ('Testas12345.', None, False, 'naujasuseris', '', '', ...)
ignored_wrapper_args = (False, {'connection': &lt;DatabaseWrapper vendor='sqlite' alias='default'&gt;, 'cursor': &lt;django.db.backends.utils.CursorDebugWrapper object at 0x00000172104F4610&gt;})

    def _execute(self, sql, params, *ignored_wrapper_args):
        self.db.validate_no_broken_transaction()
        with self.db.wrap_database_errors:
            if params is None:
                # params default might be backend specific.
                return self.cursor.execute(sql)
            else:
&gt;               return self.cursor.execute(sql, params)

env1\lib\site-packages\django\db\backends\utils.py:89: 
_ _ _ _ _ _ _ _ _ _ _ _ _ _ _ _ _ _ _ _ _ _ _ _ _ _ _ _ _ _ _ _ _ _ _ _ _ _ _ _

self = &lt;django.db.backends.sqlite3.base.SQLiteCursorWrapper object at 0x000001721043AA60&gt;
query = 'INSERT INTO "auth_user" ("password", "last_login", "is_superuser", "username", "first_name", "last_name", "email", "is_staff", "is_active", "date_joined") VALUES (?, ?, ?, ?, ?, ?, ?, ?, ?, ?) RETURNING "auth_user"."id"'
params = ('Testas12345.', None, False, 'naujasuseris', '', '', ...)

    def execute(self, query, params=None):
        if params is None:
            return Database.Cursor.execute(self, query)
        query = self.convert_query(query)
&gt;       return Database.Cursor.execute(self, query, params)
E       sqlite3.IntegrityError: UNIQUE constraint failed: auth_user.username

env1\lib\site-packages\django\db\backends\sqlite3\base.py:357: IntegrityError

The above exception was the direct cause of the following exception:

self = &lt;app.tests.test_views.TestView testMethod=test_project_postdetail_GET&gt;

    def setUp(self):
        self.client = Client()
        self.home_url = reverse('website-home')
        self.detail_url = reverse('post-detail', args='1')
&gt;       user = User.objects.create(
            username='naujasuseris',
            email='pastas@mail.com',
            password='Testas12345.')

app\tests\test_views.py:15: 
_ _ _ _ _ _ _ _ _ _ _ _ _ _ _ _ _ _ _ _ _ _ _ _ _ _ _ _ _ _ _ _ _ _ _ _ _ _ _ _
env1\lib\site-packages\django\db\models\manager.py:85: in manager_method
    return getattr(self.get_queryset(), name)(*args, **kwargs)
env1\lib\site-packages\django\db\models\query.py:671: in create
    obj.save(force_insert=True, using=self.db)
env1\lib\site-packages\django\contrib\auth\base_user.py:68: in save
    super().save(*args, **kwargs)
env1\lib\site-packages\django\db\models\base.py:812: in save
    self.save_base(
env1\lib\site-packages\django\db\models\base.py:863: in save_base
    updated = self._save_table(
env1\lib\site-packages\django\db\models\base.py:1006: in _save_table
    results = self._do_insert(
env1\lib\site-packages\django\db\models\base.py:1047: in _do_insert
    return manager._insert(
env1\lib\site-packages\django\db\models\manager.py:85: in manager_method
    return getattr(self.get_queryset(), name)(*args, **kwargs)
env1\lib\site-packages\django\db\models\query.py:1790: in _insert
    return query.get_compiler(using=using).execute_sql(returning_fields)
env1\lib\site-packages\django\db\models\sql\compiler.py:1660: in execute_sql
    cursor.execute(sql, params)
env1\lib\site-packages\django\db\backends\utils.py:103: in execute
    return super().execute(sql, params)
env1\lib\site-packages\django\db\backends\utils.py:67: in execute
    return self._execute_with_wrappers(
env1\lib\site-packages\django\db\backends\utils.py:80: in _execute_with_wrappers
    return executor(sql, params, many, context)
env1\lib\site-packages\django\db\backends\utils.py:89: in _execute
    return self.cursor.execute(sql, params)
env1\lib\site-packages\django\db\utils.py:91: in __exit__
    raise dj_exc_value.with_traceback(traceback) from exc_value
env1\lib\site-packages\django\db\backends\utils.py:89: in _execute
    return self.cursor.execute(sql, params)
_ _ _ _ _ _ _ _ _ _ _ _ _ _ _ _ _ _ _ _ _ _ _ _ _ _ _ _ _ _ _ _ _ _ _ _ _ _ _ _

self = &lt;django.db.backends.sqlite3.base.SQLiteCursorWrapper object at 0x000001721043AA60&gt;
query = 'INSERT INTO "auth_user" ("password", "last_login", "is_superuser", "username", "first_name", "last_name", "email", "is_staff", "is_active", "date_joined") VALUES (?, ?, ?, ?, ?, ?, ?, ?, ?, ?) RETURNING "auth_user"."id"'
params = ('Testas12345.', None, False, 'naujasuseris', '', '', ...)

    def execute(self, query, params=None):
        if params is None:
            return Database.Cursor.execute(self, query)
        query = self.convert_query(query)
&gt;       return Database.Cursor.execute(self, query, params)
E       django.db.utils.IntegrityError: UNIQUE constraint failed: auth_user.username

env1\lib\site-packages\django\db\backends\sqlite3\base.py:357: IntegrityError</failure><system-out>--------------------------------- Captured Log ---------------------------------

--------------------------------- Captured Out ---------------------------------

</system-out><system-err>--------------------------------- Captured Err ---------------------------------

</system-err></testcase></testsuite></testsuites>