<?xml version="1.0" encoding="utf-8"?><testsuites><testsuite name="pytest" errors="0" failures="3" skipped="0" tests="12" time="0.452" timestamp="2022-12-01T21:00:02.742824" hostname="Sangu-PC"><testcase classname="app.tests.test_urls.TestUrls" name="test_about_url_is_resolved" file="app\tests\test_urls.py" line="12" time="0.012"><system-out>--------------------------------- Captured Log ---------------------------------

--------------------------------- Captured Out ---------------------------------
ResolverMatch(func=app.views.about, args=(), kwargs={}, url_name='website-about', app_names=[], namespaces=[], route='about/')

</system-out><system-err>--------------------------------- Captured Err ---------------------------------

</system-err></testcase><testcase classname="app.tests.test_urls.TestUrls" name="test_create_url_is_resolved" file="app\tests\test_urls.py" line="35" time="0.001"><system-out>--------------------------------- Captured Log ---------------------------------

--------------------------------- Captured Out ---------------------------------
ResolverMatch(func=app.views.PostCreateView, args=(), kwargs={}, url_name='post-create', app_names=[], namespaces=[], route='post/new/')

</system-out><system-err>--------------------------------- Captured Err ---------------------------------

</system-err></testcase><testcase classname="app.tests.test_urls.TestUrls" name="test_delete_url_is_resolved" file="app\tests\test_urls.py" line="45" time="0.001"><system-out>--------------------------------- Captured Log ---------------------------------

--------------------------------- Captured Out ---------------------------------
ResolverMatch(func=app.views.PostDeleteView, args=(), kwargs={'pk': 1}, url_name='post-delete', app_names=[], namespaces=[], route='post/&lt;int:pk&gt;/delete/', captured_kwargs={'pk': 1})

</system-out><system-err>--------------------------------- Captured Err ---------------------------------

</system-err></testcase><testcase classname="app.tests.test_urls.TestUrls" name="test_details_url_is_resolved" file="app\tests\test_urls.py" line="30" time="0.001"><system-out>--------------------------------- Captured Log ---------------------------------

--------------------------------- Captured Out ---------------------------------
ResolverMatch(func=app.views.PostDetailView, args=(), kwargs={'pk': 1}, url_name='post-detail', app_names=[], namespaces=[], route='post/&lt;int:pk&gt;/', captured_kwargs={'pk': 1})

</system-out><system-err>--------------------------------- Captured Err ---------------------------------

</system-err></testcase><testcase classname="app.tests.test_urls.TestUrls" name="test_galery_url_is_resolved" file="app\tests\test_urls.py" line="20" time="0.001"><system-out>--------------------------------- Captured Log ---------------------------------

--------------------------------- Captured Out ---------------------------------
ResolverMatch(func=app.views.galery, args=(), kwargs={}, url_name='website-galery', app_names=[], namespaces=[], route='galery/')

</system-out><system-err>--------------------------------- Captured Err ---------------------------------

</system-err></testcase><testcase classname="app.tests.test_urls.TestUrls" name="test_home_url_is_resolved" file="app\tests\test_urls.py" line="7" time="0.001"><system-out>--------------------------------- Captured Log ---------------------------------

--------------------------------- Captured Out ---------------------------------
ResolverMatch(func=app.views.PostListView, args=(), kwargs={}, url_name='website-home', app_names=[], namespaces=[], route='')

</system-out><system-err>--------------------------------- Captured Err ---------------------------------

</system-err></testcase><testcase classname="app.tests.test_urls.TestUrls" name="test_login_url_is_resolved" file="app\tests\test_urls.py" line="64" time="0.001"><failure message="NameError: name 'LoginView' is not defined">self = &lt;app.tests.test_urls.TestUrls testMethod=test_login_url_is_resolved&gt;

    def test_login_url_is_resolved(self):
        url = reverse('login')
        print(resolve(url))
&gt;       self.assertEquals(resolve(url).func.view_class, LoginView)
E       NameError: name 'LoginView' is not defined

app\tests\test_urls.py:68: NameError</failure><system-out>--------------------------------- Captured Log ---------------------------------

--------------------------------- Captured Out ---------------------------------
ResolverMatch(func=django.contrib.auth.views.LoginView, args=(), kwargs={}, url_name='login', app_names=[], namespaces=[], route='login/')

</system-out><system-err>--------------------------------- Captured Err ---------------------------------

</system-err></testcase><testcase classname="app.tests.test_urls.TestUrls" name="test_prenumerate_url_is_resolved" file="app\tests\test_urls.py" line="25" time="0.001"><system-out>--------------------------------- Captured Log ---------------------------------

--------------------------------- Captured Out ---------------------------------
ResolverMatch(func=app.views.prenumerate, args=(), kwargs={}, url_name='website-prenumerate', app_names=[], namespaces=[], route='prenumerate/')

</system-out><system-err>--------------------------------- Captured Err ---------------------------------

</system-err></testcase><testcase classname="app.tests.test_urls.TestUrls" name="test_profile_url_is_resolved" file="app\tests\test_urls.py" line="59" time="0.001"><system-out>--------------------------------- Captured Log ---------------------------------

--------------------------------- Captured Out ---------------------------------
ResolverMatch(func=Users.views.profile, args=(), kwargs={}, url_name='profile', app_names=[], namespaces=[], route='profile/')

</system-out><system-err>--------------------------------- Captured Err ---------------------------------

</system-err></testcase><testcase classname="app.tests.test_urls.TestUrls" name="test_register_url_is_resolved" file="app\tests\test_urls.py" line="55" time="0.001"><failure message="django.urls.exceptions.Resolver404: {'path': '_user/&lt;str:username&gt;'}">self = &lt;app.tests.test_urls.TestUrls testMethod=test_register_url_is_resolved&gt;

    def test_register_url_is_resolved(self):
&gt;       resolver = resolve('_user/&lt;str:username&gt;')

app\tests\test_urls.py:57: 
_ _ _ _ _ _ _ _ _ _ _ _ _ _ _ _ _ _ _ _ _ _ _ _ _ _ _ _ _ _ _ _ _ _ _ _ _ _ _ _
env1\lib\site-packages\django\urls\base.py:24: in resolve
    return get_resolver(urlconf).resolve(path)
_ _ _ _ _ _ _ _ _ _ _ _ _ _ _ _ _ _ _ _ _ _ _ _ _ _ _ _ _ _ _ _ _ _ _ _ _ _ _ _

self = &lt;URLResolver 'DjangoWebsite.urls' (None:None) '^/'&gt;
path = '_user/&lt;str:username&gt;'

    def resolve(self, path):
        path = str(path)  # path may be a reverse_lazy object
        tried = []
        match = self.pattern.match(path)
        if match:
            new_path, args, kwargs = match
            for pattern in self.url_patterns:
                try:
                    sub_match = pattern.resolve(new_path)
                except Resolver404 as e:
                    self._extend_tried(tried, pattern, e.args[0].get("tried"))
                else:
                    if sub_match:
                        # Merge captured arguments in match with submatch
                        sub_match_dict = {**kwargs, **self.default_kwargs}
                        # Update the sub_match_dict with the kwargs from the sub_match.
                        sub_match_dict.update(sub_match.kwargs)
                        # If there are *any* named groups, ignore all non-named groups.
                        # Otherwise, pass all non-named arguments as positional
                        # arguments.
                        sub_match_args = sub_match.args
                        if not sub_match_dict:
                            sub_match_args = args + sub_match.args
                        current_route = (
                            ""
                            if isinstance(pattern, URLPattern)
                            else str(pattern.pattern)
                        )
                        self._extend_tried(tried, pattern, sub_match.tried)
                        return ResolverMatch(
                            sub_match.func,
                            sub_match_args,
                            sub_match_dict,
                            sub_match.url_name,
                            [self.app_name] + sub_match.app_names,
                            [self.namespace] + sub_match.namespaces,
                            self._join_route(current_route, sub_match.route),
                            tried,
                            captured_kwargs=sub_match.captured_kwargs,
                            extra_kwargs={
                                **self.default_kwargs,
                                **sub_match.extra_kwargs,
                            },
                        )
                    tried.append([pattern])
            raise Resolver404({"tried": tried, "path": new_path})
&gt;       raise Resolver404({"path": path})
E       django.urls.exceptions.Resolver404: {'path': '_user/&lt;str:username&gt;'}

env1\lib\site-packages\django\urls\resolvers.py:703: Resolver404</failure><system-out>--------------------------------- Captured Log ---------------------------------

--------------------------------- Captured Out ---------------------------------

</system-out><system-err>--------------------------------- Captured Err ---------------------------------

</system-err></testcase><testcase classname="app.tests.test_urls.TestUrls" name="test_update_url_is_resolved" file="app\tests\test_urls.py" line="40" time="0.001"><system-out>--------------------------------- Captured Log ---------------------------------

--------------------------------- Captured Out ---------------------------------
ResolverMatch(func=app.views.PostUpdateView, args=(), kwargs={'pk': 1}, url_name='post-update', app_names=[], namespaces=[], route='post/&lt;int:pk&gt;/update/', captured_kwargs={'pk': 1})

</system-out><system-err>--------------------------------- Captured Err ---------------------------------

</system-err></testcase><testcase classname="app.tests.test_urls.TestUrls" name="test_userpost_url_is_resolved" file="app\tests\test_urls.py" line="50" time="0.001"><failure message="django.urls.exceptions.NoReverseMatch: Reverse for 'user-posts' with arguments '('S', 'a', 'n', 'g', 'u')' not found. 1 pattern(s) tried: ['_user/(?P&lt;username&gt;[^/]+)\\Z']">self = &lt;app.tests.test_urls.TestUrls testMethod=test_userpost_url_is_resolved&gt;

    def test_userpost_url_is_resolved(self):
&gt;       url = reverse('user-posts', args='Sangu')

app\tests\test_urls.py:52: 
_ _ _ _ _ _ _ _ _ _ _ _ _ _ _ _ _ _ _ _ _ _ _ _ _ _ _ _ _ _ _ _ _ _ _ _ _ _ _ _
env1\lib\site-packages\django\urls\base.py:88: in reverse
    return resolver._reverse_with_prefix(view, prefix, *args, **kwargs)
_ _ _ _ _ _ _ _ _ _ _ _ _ _ _ _ _ _ _ _ _ _ _ _ _ _ _ _ _ _ _ _ _ _ _ _ _ _ _ _

self = &lt;URLResolver 'DjangoWebsite.urls' (None:None) '^/'&gt;
lookup_view = 'user-posts', _prefix = '/', args = ('S', 'a', 'n', 'g', 'u')
kwargs = {}
possibilities = [([('_user/%(username)s', ['username'])], '_user/(?P&lt;username&gt;[^/]+)\\Z', {}, {'username': &lt;django.urls.converters.StringConverter object at 0x00000228A5187C40&gt;})]
possibility = [('_user/%(username)s', ['username'])]
pattern = '_user/(?P&lt;username&gt;[^/]+)\\Z', defaults = {}
converters = {'username': &lt;django.urls.converters.StringConverter object at 0x00000228A5187C40&gt;}
result = '_user/%(username)s', params = ['username']

    def _reverse_with_prefix(self, lookup_view, _prefix, *args, **kwargs):
        if args and kwargs:
            raise ValueError("Don't mix *args and **kwargs in call to reverse()!")
    
        if not self._populated:
            self._populate()
    
        possibilities = self.reverse_dict.getlist(lookup_view)
    
        for possibility, pattern, defaults, converters in possibilities:
            for result, params in possibility:
                if args:
                    if len(args) != len(params):
                        continue
                    candidate_subs = dict(zip(params, args))
                else:
                    if set(kwargs).symmetric_difference(params).difference(defaults):
                        continue
                    matches = True
                    for k, v in defaults.items():
                        if k in params:
                            continue
                        if kwargs.get(k, v) != v:
                            matches = False
                            break
                    if not matches:
                        continue
                    candidate_subs = kwargs
                # Convert the candidate subs to text using Converter.to_url().
                text_candidate_subs = {}
                match = True
                for k, v in candidate_subs.items():
                    if k in converters:
                        try:
                            text_candidate_subs[k] = converters[k].to_url(v)
                        except ValueError:
                            match = False
                            break
                    else:
                        text_candidate_subs[k] = str(v)
                if not match:
                    continue
                # WSGI provides decoded URLs, without %xx escapes, and the URL
                # resolver operates on such URLs. First substitute arguments
                # without quoting to build a decoded URL and look for a match.
                # Then, if we have a match, redo the substitution with quoted
                # arguments in order to return a properly encoded URL.
                candidate_pat = _prefix.replace("%", "%%") + result
                if re.search(
                    "^%s%s" % (re.escape(_prefix), pattern),
                    candidate_pat % text_candidate_subs,
                ):
                    # safe characters from `pchar` definition of RFC 3986
                    url = quote(
                        candidate_pat % text_candidate_subs,
                        safe=RFC3986_SUBDELIMS + "/~:@",
                    )
                    # Don't allow construction of scheme relative urls.
                    return escape_leading_slashes(url)
        # lookup_view can be URL name or callable, but callables are not
        # friendly in error messages.
        m = getattr(lookup_view, "__module__", None)
        n = getattr(lookup_view, "__name__", None)
        if m is not None and n is not None:
            lookup_view_s = "%s.%s" % (m, n)
        else:
            lookup_view_s = lookup_view
    
        patterns = [pattern for (_, pattern, _, _) in possibilities]
        if patterns:
            if args:
                arg_msg = "arguments '%s'" % (args,)
            elif kwargs:
                arg_msg = "keyword arguments '%s'" % kwargs
            else:
                arg_msg = "no arguments"
            msg = "Reverse for '%s' with %s not found. %d pattern(s) tried: %s" % (
                lookup_view_s,
                arg_msg,
                len(patterns),
                patterns,
            )
        else:
            msg = (
                "Reverse for '%(view)s' not found. '%(view)s' is not "
                "a valid view function or pattern name." % {"view": lookup_view_s}
            )
&gt;       raise NoReverseMatch(msg)
E       django.urls.exceptions.NoReverseMatch: Reverse for 'user-posts' with arguments '('S', 'a', 'n', 'g', 'u')' not found. 1 pattern(s) tried: ['_user/(?P&lt;username&gt;[^/]+)\\Z']

env1\lib\site-packages\django\urls\resolvers.py:828: NoReverseMatch</failure><system-out>--------------------------------- Captured Log ---------------------------------

--------------------------------- Captured Out ---------------------------------

</system-out><system-err>--------------------------------- Captured Err ---------------------------------

</system-err></testcase></testsuite></testsuites>