<?xml version="1.0" encoding="utf-8"?><testsuites><testsuite name="pytest" errors="0" failures="0" skipped="0" tests="10" time="0.325" timestamp="2022-12-01T20:56:51.087428" hostname="Sangu-PC"><testcase classname="app.tests.test_urls.TestUrls" name="test_about_url_is_resolved" file="app\tests\test_urls.py" line="12" time="0.013"><system-out>--------------------------------- Captured Log ---------------------------------

--------------------------------- Captured Out ---------------------------------
ResolverMatch(func=app.views.about, args=(), kwargs={}, url_name='website-about', app_names=[], namespaces=[], route='about/')

</system-out><system-err>--------------------------------- Captured Err ---------------------------------

</system-err></testcase><testcase classname="app.tests.test_urls.TestUrls" name="test_create_url_is_resolved" file="app\tests\test_urls.py" line="35" time="0.001"><system-out>--------------------------------- Captured Log ---------------------------------

--------------------------------- Captured Out ---------------------------------
ResolverMatch(func=app.views.PostCreateView, args=(), kwargs={}, url_name='post-create', app_names=[], namespaces=[], route='post/new/')

</system-out><system-err>--------------------------------- Captured Err ---------------------------------

</system-err></testcase><testcase classname="app.tests.test_urls.TestUrls" name="test_delete_url_is_resolved" file="app\tests\test_urls.py" line="45" time="0.001"><system-out>--------------------------------- Captured Log ---------------------------------

--------------------------------- Captured Out ---------------------------------
ResolverMatch(func=app.views.PostDeleteView, args=(), kwargs={'pk': 1}, url_name='post-delete', app_names=[], namespaces=[], route='post/&lt;int:pk&gt;/delete/', captured_kwargs={'pk': 1})

</system-out><system-err>--------------------------------- Captured Err ---------------------------------

</system-err></testcase><testcase classname="app.tests.test_urls.TestUrls" name="test_details_url_is_resolved" file="app\tests\test_urls.py" line="30" time="0.001"><system-out>--------------------------------- Captured Log ---------------------------------

--------------------------------- Captured Out ---------------------------------
ResolverMatch(func=app.views.PostDetailView, args=(), kwargs={'pk': 1}, url_name='post-detail', app_names=[], namespaces=[], route='post/&lt;int:pk&gt;/', captured_kwargs={'pk': 1})

</system-out><system-err>--------------------------------- Captured Err ---------------------------------

</system-err></testcase><testcase classname="app.tests.test_urls.TestUrls" name="test_galery_url_is_resolved" file="app\tests\test_urls.py" line="20" time="0.001"><system-out>--------------------------------- Captured Log ---------------------------------

--------------------------------- Captured Out ---------------------------------
ResolverMatch(func=app.views.galery, args=(), kwargs={}, url_name='website-galery', app_names=[], namespaces=[], route='galery/')

</system-out><system-err>--------------------------------- Captured Err ---------------------------------

</system-err></testcase><testcase classname="app.tests.test_urls.TestUrls" name="test_home_url_is_resolved" file="app\tests\test_urls.py" line="7" time="0.001"><system-out>--------------------------------- Captured Log ---------------------------------

--------------------------------- Captured Out ---------------------------------
ResolverMatch(func=app.views.PostListView, args=(), kwargs={}, url_name='website-home', app_names=[], namespaces=[], route='')

</system-out><system-err>--------------------------------- Captured Err ---------------------------------

</system-err></testcase><testcase classname="app.tests.test_urls.TestUrls" name="test_prenumerate_url_is_resolved" file="app\tests\test_urls.py" line="25" time="0.001"><system-out>--------------------------------- Captured Log ---------------------------------

--------------------------------- Captured Out ---------------------------------
ResolverMatch(func=app.views.prenumerate, args=(), kwargs={}, url_name='website-prenumerate', app_names=[], namespaces=[], route='prenumerate/')

</system-out><system-err>--------------------------------- Captured Err ---------------------------------

</system-err></testcase><testcase classname="app.tests.test_urls.TestUrls" name="test_profile_url_is_resolved" file="app\tests\test_urls.py" line="55" time="0.001"><system-out>--------------------------------- Captured Log ---------------------------------

--------------------------------- Captured Out ---------------------------------
ResolverMatch(func=Users.views.profile, args=(), kwargs={}, url_name='profile', app_names=[], namespaces=[], route='profile/')

</system-out><system-err>--------------------------------- Captured Err ---------------------------------

</system-err></testcase><testcase classname="app.tests.test_urls.TestUrls" name="test_register_url_is_resolved" file="app\tests\test_urls.py" line="50" time="0.002"><system-out>--------------------------------- Captured Log ---------------------------------

--------------------------------- Captured Out ---------------------------------
ResolverMatch(func=Users.views.register, args=(), kwargs={}, url_name='register', app_names=[], namespaces=[], route='register/')

</system-out><system-err>--------------------------------- Captured Err ---------------------------------

</system-err></testcase><testcase classname="app.tests.test_urls.TestUrls" name="test_update_url_is_resolved" file="app\tests\test_urls.py" line="40" time="0.002"><system-out>--------------------------------- Captured Log ---------------------------------

--------------------------------- Captured Out ---------------------------------
ResolverMatch(func=app.views.PostUpdateView, args=(), kwargs={'pk': 1}, url_name='post-update', app_names=[], namespaces=[], route='post/&lt;int:pk&gt;/update/', captured_kwargs={'pk': 1})

</system-out><system-err>--------------------------------- Captured Err ---------------------------------

</system-err></testcase></testsuite></testsuites>