<?xml version="1.0" encoding="utf-8"?><testsuites><testsuite name="pytest" errors="0" failures="1" skipped="0" tests="1" time="0.369" timestamp="2022-12-01T12:39:38.413082" hostname="Sangu-PC"><testcase classname="app.tests.test_urls.TestUrls" name="test_list_url_is_resolved" file="app\tests\test_urls.py" line="7" time="0.213"><failure message="AttributeError: 'builtin_function_or_method' object has no attribute 'func'">self = &lt;app.tests.test_urls.TestUrls testMethod=test_list_url_is_resolved&gt;

    def test_list_url_is_resolved(self):
        url = reverse('website-home')
        print(resolve(url))
&gt;       self.assertEqual(print.func.view_class, views.PostListView)
E       AttributeError: 'builtin_function_or_method' object has no attribute 'func'

app\tests\test_urls.py:11: AttributeError</failure><system-out>--------------------------------- Captured Log ---------------------------------

--------------------------------- Captured Out ---------------------------------
ResolverMatch(func=app.views.PostListView, args=(), kwargs={}, url_name='website-home', app_names=[], namespaces=[], route='')

</system-out><system-err>--------------------------------- Captured Err ---------------------------------

</system-err></testcase></testsuite></testsuites>