<?xml version="1.0" encoding="utf-8"?><testsuites><testsuite name="pytest" errors="0" failures="3" skipped="0" tests="17" time="0.940" timestamp="2022-12-02T00:23:27.378993" hostname="Sangu-PC"><testcase classname="app.tests.test_models.ModelsView" name="test_post_is_assigned" file="app\tests\test_models.py" line="24" time="0.012"><failure message="django.test.testcases.DatabaseOperationForbidden: Database queries to 'default' are not allowed in SimpleTestCase subclasses. Either subclass TestCase or TransactionTestCase to ensure proper test isolation or add 'default' to app.tests.test_models.ModelsView.databases to silence this failure.">self = &lt;app.tests.test_models.ModelsView testMethod=test_post_is_assigned&gt;

    def setUp(self):
        self.client = Client()
        self.home_url = reverse('website-home')
        self.detail_url = reverse('post-detail', args='1')
&gt;       user = User.objects.create(
            username='123',
            email='pastas@mail.com',
            password='Testas12345.')

app\tests\test_models.py:15: 
_ _ _ _ _ _ _ _ _ _ _ _ _ _ _ _ _ _ _ _ _ _ _ _ _ _ _ _ _ _ _ _ _ _ _ _ _ _ _ _
env1\lib\site-packages\django\db\models\manager.py:85: in manager_method
    return getattr(self.get_queryset(), name)(*args, **kwargs)
env1\lib\site-packages\django\db\models\query.py:671: in create
    obj.save(force_insert=True, using=self.db)
env1\lib\site-packages\django\contrib\auth\base_user.py:68: in save
    super().save(*args, **kwargs)
env1\lib\site-packages\django\db\models\base.py:812: in save
    self.save_base(
env1\lib\site-packages\django\db\models\base.py:863: in save_base
    updated = self._save_table(
env1\lib\site-packages\django\db\models\base.py:1006: in _save_table
    results = self._do_insert(
env1\lib\site-packages\django\db\models\base.py:1047: in _do_insert
    return manager._insert(
env1\lib\site-packages\django\db\models\manager.py:85: in manager_method
    return getattr(self.get_queryset(), name)(*args, **kwargs)
env1\lib\site-packages\django\db\models\query.py:1790: in _insert
    return query.get_compiler(using=using).execute_sql(returning_fields)
env1\lib\site-packages\django\db\models\sql\compiler.py:1658: in execute_sql
    with self.connection.cursor() as cursor:
_ _ _ _ _ _ _ _ _ _ _ _ _ _ _ _ _ _ _ _ _ _ _ _ _ _ _ _ _ _ _ _ _ _ _ _ _ _ _ _

self = &lt;django.test.testcases._DatabaseFailure object at 0x00000277691C7BB0&gt;

    def __call__(self):
&gt;       raise DatabaseOperationForbidden(self.message)
E       django.test.testcases.DatabaseOperationForbidden: Database queries to 'default' are not allowed in SimpleTestCase subclasses. Either subclass TestCase or TransactionTestCase to ensure proper test isolation or add 'default' to app.tests.test_models.ModelsView.databases to silence this failure.

env1\lib\site-packages\django\test\testcases.py:167: DatabaseOperationForbidden</failure><system-out>--------------------------------- Captured Log ---------------------------------

--------------------------------- Captured Out ---------------------------------

</system-out><system-err>--------------------------------- Captured Err ---------------------------------

</system-err></testcase><testcase classname="app.tests.test_urls.TestUrls" name="test_about_url_is_resolved" file="app\tests\test_urls.py" line="13" time="0.001"><system-out>--------------------------------- Captured Log ---------------------------------

--------------------------------- Captured Out ---------------------------------
ResolverMatch(func=app.views.about, args=(), kwargs={}, url_name='website-about', app_names=[], namespaces=[], route='about/')

</system-out><system-err>--------------------------------- Captured Err ---------------------------------

</system-err></testcase><testcase classname="app.tests.test_urls.TestUrls" name="test_create_url_is_resolved" file="app\tests\test_urls.py" line="36" time="0.001"><system-out>--------------------------------- Captured Log ---------------------------------

--------------------------------- Captured Out ---------------------------------
ResolverMatch(func=app.views.PostCreateView, args=(), kwargs={}, url_name='post-create', app_names=[], namespaces=[], route='post/new/')

</system-out><system-err>--------------------------------- Captured Err ---------------------------------

</system-err></testcase><testcase classname="app.tests.test_urls.TestUrls" name="test_delete_url_is_resolved" file="app\tests\test_urls.py" line="46" time="0.001"><system-out>--------------------------------- Captured Log ---------------------------------

--------------------------------- Captured Out ---------------------------------
ResolverMatch(func=app.views.PostDeleteView, args=(), kwargs={'pk': 1}, url_name='post-delete', app_names=[], namespaces=[], route='post/&lt;int:pk&gt;/delete/', captured_kwargs={'pk': 1})

</system-out><system-err>--------------------------------- Captured Err ---------------------------------

</system-err></testcase><testcase classname="app.tests.test_urls.TestUrls" name="test_details_url_is_resolved" file="app\tests\test_urls.py" line="31" time="0.001"><system-out>--------------------------------- Captured Log ---------------------------------

--------------------------------- Captured Out ---------------------------------
ResolverMatch(func=app.views.PostDetailView, args=(), kwargs={'pk': 1}, url_name='post-detail', app_names=[], namespaces=[], route='post/&lt;int:pk&gt;/', captured_kwargs={'pk': 1})

</system-out><system-err>--------------------------------- Captured Err ---------------------------------

</system-err></testcase><testcase classname="app.tests.test_urls.TestUrls" name="test_galery_url_is_resolved" file="app\tests\test_urls.py" line="21" time="0.001"><system-out>--------------------------------- Captured Log ---------------------------------

--------------------------------- Captured Out ---------------------------------
ResolverMatch(func=app.views.galery, args=(), kwargs={}, url_name='website-galery', app_names=[], namespaces=[], route='galery/')

</system-out><system-err>--------------------------------- Captured Err ---------------------------------

</system-err></testcase><testcase classname="app.tests.test_urls.TestUrls" name="test_home_url_is_resolved" file="app\tests\test_urls.py" line="8" time="0.001"><system-out>--------------------------------- Captured Log ---------------------------------

--------------------------------- Captured Out ---------------------------------
ResolverMatch(func=app.views.PostListView, args=(), kwargs={}, url_name='website-home', app_names=[], namespaces=[], route='')

</system-out><system-err>--------------------------------- Captured Err ---------------------------------

</system-err></testcase><testcase classname="app.tests.test_urls.TestUrls" name="test_login_url_is_resolved" file="app\tests\test_urls.py" line="66" time="0.001"><system-out>--------------------------------- Captured Log ---------------------------------

--------------------------------- Captured Out ---------------------------------
ResolverMatch(func=django.contrib.auth.views.LoginView, args=(), kwargs={}, url_name='login', app_names=[], namespaces=[], route='login/')

</system-out><system-err>--------------------------------- Captured Err ---------------------------------

</system-err></testcase><testcase classname="app.tests.test_urls.TestUrls" name="test_logout_url_is_resolved" file="app\tests\test_urls.py" line="71" time="0.001"><system-out>--------------------------------- Captured Log ---------------------------------

--------------------------------- Captured Out ---------------------------------
ResolverMatch(func=django.contrib.auth.views.LogoutView, args=(), kwargs={}, url_name='logout', app_names=[], namespaces=[], route='logout/')

</system-out><system-err>--------------------------------- Captured Err ---------------------------------

</system-err></testcase><testcase classname="app.tests.test_urls.TestUrls" name="test_passwordreset_url_is_resolved" file="app\tests\test_urls.py" line="76" time="0.001"><system-out>--------------------------------- Captured Log ---------------------------------

--------------------------------- Captured Out ---------------------------------
ResolverMatch(func=django.contrib.auth.views.PasswordResetView, args=(), kwargs={}, url_name='password-reset', app_names=[], namespaces=[], route='password-reset/')

</system-out><system-err>--------------------------------- Captured Err ---------------------------------

</system-err></testcase><testcase classname="app.tests.test_urls.TestUrls" name="test_prenumerate_url_is_resolved" file="app\tests\test_urls.py" line="26" time="0.001"><system-out>--------------------------------- Captured Log ---------------------------------

--------------------------------- Captured Out ---------------------------------
ResolverMatch(func=app.views.prenumerate, args=(), kwargs={}, url_name='website-prenumerate', app_names=[], namespaces=[], route='prenumerate/')

</system-out><system-err>--------------------------------- Captured Err ---------------------------------

</system-err></testcase><testcase classname="app.tests.test_urls.TestUrls" name="test_profile_url_is_resolved" file="app\tests\test_urls.py" line="61" time="0.001"><system-out>--------------------------------- Captured Log ---------------------------------

--------------------------------- Captured Out ---------------------------------
ResolverMatch(func=Users.views.profile, args=(), kwargs={}, url_name='profile', app_names=[], namespaces=[], route='profile/')

</system-out><system-err>--------------------------------- Captured Err ---------------------------------

</system-err></testcase><testcase classname="app.tests.test_urls.TestUrls" name="test_register_url_is_resolved" file="app\tests\test_urls.py" line="56" time="0.001"><system-out>--------------------------------- Captured Log ---------------------------------

--------------------------------- Captured Out ---------------------------------
ResolverMatch(func=Users.views.register, args=(), kwargs={}, url_name='register', app_names=[], namespaces=[], route='register/')

</system-out><system-err>--------------------------------- Captured Err ---------------------------------

</system-err></testcase><testcase classname="app.tests.test_urls.TestUrls" name="test_update_url_is_resolved" file="app\tests\test_urls.py" line="41" time="0.001"><system-out>--------------------------------- Captured Log ---------------------------------

--------------------------------- Captured Out ---------------------------------
ResolverMatch(func=app.views.PostUpdateView, args=(), kwargs={'pk': 1}, url_name='post-update', app_names=[], namespaces=[], route='post/&lt;int:pk&gt;/update/', captured_kwargs={'pk': 1})

</system-out><system-err>--------------------------------- Captured Err ---------------------------------

</system-err></testcase><testcase classname="app.tests.test_urls.TestUrls" name="test_userposts_url_is_resolved" file="app\tests\test_urls.py" line="51" time="0.001"><system-out>--------------------------------- Captured Log ---------------------------------

--------------------------------- Captured Out ---------------------------------
ResolverMatch(func=app.views.UserPostListView, args=(), kwargs={'username': '1'}, url_name='user-posts', app_names=[], namespaces=[], route='_user/&lt;str:username&gt;', captured_kwargs={'username': '1'})

</system-out><system-err>--------------------------------- Captured Err ---------------------------------

</system-err></testcase><testcase classname="app.tests.test_views.TestView" name="test_project_home_GET" file="app\tests\test_views.py" line="16" time="0.037"><failure message="django.test.testcases.DatabaseOperationForbidden: Database queries to 'default' are not allowed in SimpleTestCase subclasses. Either subclass TestCase or TransactionTestCase to ensure proper test isolation or add 'default' to app.tests.test_views.TestView.databases to silence this failure.">self = &lt;app.tests.test_views.TestView testMethod=test_project_home_GET&gt;

    def test_project_home_GET(self):
        client = Client()
&gt;       response = self.client.get(self.home_url)

app\tests\test_views.py:19: 
_ _ _ _ _ _ _ _ _ _ _ _ _ _ _ _ _ _ _ _ _ _ _ _ _ _ _ _ _ _ _ _ _ _ _ _ _ _ _ _
env1\lib\site-packages\django\test\client.py:836: in get
    response = super().get(path, data=data, secure=secure, **extra)
env1\lib\site-packages\django\test\client.py:424: in get
    return self.generic(
env1\lib\site-packages\django\test\client.py:541: in generic
    return self.request(**r)
env1\lib\site-packages\django\test\client.py:810: in request
    self.check_exception(response)
env1\lib\site-packages\django\test\client.py:663: in check_exception
    raise exc_value
env1\lib\site-packages\django\core\handlers\exception.py:55: in inner
    response = get_response(request)
env1\lib\site-packages\django\core\handlers\base.py:197: in _get_response
    response = wrapped_callback(request, *callback_args, **callback_kwargs)
env1\lib\site-packages\django\views\generic\base.py:103: in view
    return self.dispatch(request, *args, **kwargs)
env1\lib\site-packages\django\views\generic\base.py:142: in dispatch
    return handler(request, *args, **kwargs)
env1\lib\site-packages\django\views\generic\list.py:174: in get
    context = self.get_context_data()
env1\lib\site-packages\django\views\generic\list.py:128: in get_context_data
    paginator, page, queryset, is_paginated = self.paginate_queryset(
env1\lib\site-packages\django\views\generic\list.py:73: in paginate_queryset
    page = paginator.page(page_number)
env1\lib\site-packages\django\core\paginator.py:75: in page
    number = self.validate_number(number)
env1\lib\site-packages\django\core\paginator.py:53: in validate_number
    if number &gt; self.num_pages:
env1\lib\site-packages\django\utils\functional.py:57: in __get__
    res = instance.__dict__[self.name] = self.func(instance)
env1\lib\site-packages\django\core\paginator.py:102: in num_pages
    if self.count == 0 and not self.allow_empty_first_page:
env1\lib\site-packages\django\utils\functional.py:57: in __get__
    res = instance.__dict__[self.name] = self.func(instance)
env1\lib\site-packages\django\core\paginator.py:96: in count
    return c()
env1\lib\site-packages\django\db\models\query.py:621: in count
    return self.query.get_count(using=self.db)
env1\lib\site-packages\django\db\models\sql\query.py:559: in get_count
    return obj.get_aggregation(using, ["__count"])["__count"]
env1\lib\site-packages\django\db\models\sql\query.py:544: in get_aggregation
    result = compiler.execute_sql(SINGLE)
env1\lib\site-packages\django\db\models\sql\compiler.py:1396: in execute_sql
    cursor = self.connection.cursor()
_ _ _ _ _ _ _ _ _ _ _ _ _ _ _ _ _ _ _ _ _ _ _ _ _ _ _ _ _ _ _ _ _ _ _ _ _ _ _ _

self = &lt;django.test.testcases._DatabaseFailure object at 0x0000027769667CA0&gt;

    def __call__(self):
&gt;       raise DatabaseOperationForbidden(self.message)
E       django.test.testcases.DatabaseOperationForbidden: Database queries to 'default' are not allowed in SimpleTestCase subclasses. Either subclass TestCase or TransactionTestCase to ensure proper test isolation or add 'default' to app.tests.test_views.TestView.databases to silence this failure.

env1\lib\site-packages\django\test\testcases.py:167: DatabaseOperationForbidden</failure><system-out>--------------------------------- Captured Log ---------------------------------
ERROR    django.request:log.py:241 Internal Server Error: /
Traceback (most recent call last):
  File "F:\Paskaitos\Python\Django\Website\DjangoWebsite\DjangoWebsite\env1\lib\site-packages\django\core\handlers\exception.py", line 55, in inner
    response = get_response(request)
  File "F:\Paskaitos\Python\Django\Website\DjangoWebsite\DjangoWebsite\env1\lib\site-packages\django\core\handlers\base.py", line 197, in _get_response
    response = wrapped_callback(request, *callback_args, **callback_kwargs)
  File "F:\Paskaitos\Python\Django\Website\DjangoWebsite\DjangoWebsite\env1\lib\site-packages\django\views\generic\base.py", line 103, in view
    return self.dispatch(request, *args, **kwargs)
  File "F:\Paskaitos\Python\Django\Website\DjangoWebsite\DjangoWebsite\env1\lib\site-packages\django\views\generic\base.py", line 142, in dispatch
    return handler(request, *args, **kwargs)
  File "F:\Paskaitos\Python\Django\Website\DjangoWebsite\DjangoWebsite\env1\lib\site-packages\django\views\generic\list.py", line 174, in get
    context = self.get_context_data()
  File "F:\Paskaitos\Python\Django\Website\DjangoWebsite\DjangoWebsite\env1\lib\site-packages\django\views\generic\list.py", line 128, in get_context_data
    paginator, page, queryset, is_paginated = self.paginate_queryset(
  File "F:\Paskaitos\Python\Django\Website\DjangoWebsite\DjangoWebsite\env1\lib\site-packages\django\views\generic\list.py", line 73, in paginate_queryset
    page = paginator.page(page_number)
  File "F:\Paskaitos\Python\Django\Website\DjangoWebsite\DjangoWebsite\env1\lib\site-packages\django\core\paginator.py", line 75, in page
    number = self.validate_number(number)
  File "F:\Paskaitos\Python\Django\Website\DjangoWebsite\DjangoWebsite\env1\lib\site-packages\django\core\paginator.py", line 53, in validate_number
    if number &gt; self.num_pages:
  File "F:\Paskaitos\Python\Django\Website\DjangoWebsite\DjangoWebsite\env1\lib\site-packages\django\utils\functional.py", line 57, in __get__
    res = instance.__dict__[self.name] = self.func(instance)
  File "F:\Paskaitos\Python\Django\Website\DjangoWebsite\DjangoWebsite\env1\lib\site-packages\django\core\paginator.py", line 102, in num_pages
    if self.count == 0 and not self.allow_empty_first_page:
  File "F:\Paskaitos\Python\Django\Website\DjangoWebsite\DjangoWebsite\env1\lib\site-packages\django\utils\functional.py", line 57, in __get__
    res = instance.__dict__[self.name] = self.func(instance)
  File "F:\Paskaitos\Python\Django\Website\DjangoWebsite\DjangoWebsite\env1\lib\site-packages\django\core\paginator.py", line 96, in count
    return c()
  File "F:\Paskaitos\Python\Django\Website\DjangoWebsite\DjangoWebsite\env1\lib\site-packages\django\db\models\query.py", line 621, in count
    return self.query.get_count(using=self.db)
  File "F:\Paskaitos\Python\Django\Website\DjangoWebsite\DjangoWebsite\env1\lib\site-packages\django\db\models\sql\query.py", line 559, in get_count
    return obj.get_aggregation(using, ["__count"])["__count"]
  File "F:\Paskaitos\Python\Django\Website\DjangoWebsite\DjangoWebsite\env1\lib\site-packages\django\db\models\sql\query.py", line 544, in get_aggregation
    result = compiler.execute_sql(SINGLE)
  File "F:\Paskaitos\Python\Django\Website\DjangoWebsite\DjangoWebsite\env1\lib\site-packages\django\db\models\sql\compiler.py", line 1396, in execute_sql
    cursor = self.connection.cursor()
  File "F:\Paskaitos\Python\Django\Website\DjangoWebsite\DjangoWebsite\env1\lib\site-packages\django\test\testcases.py", line 167, in __call__
    raise DatabaseOperationForbidden(self.message)
django.test.testcases.DatabaseOperationForbidden: Database queries to 'default' are not allowed in SimpleTestCase subclasses. Either subclass TestCase or TransactionTestCase to ensure proper test isolation or add 'default' to app.tests.test_views.TestView.databases to silence this failure.
--------------------------------- Captured Out ---------------------------------

</system-out><system-err>--------------------------------- Captured Err ---------------------------------
Internal Server Error: /
Traceback (most recent call last):
  File "F:\Paskaitos\Python\Django\Website\DjangoWebsite\DjangoWebsite\env1\lib\site-packages\django\core\handlers\exception.py", line 55, in inner
    response = get_response(request)
  File "F:\Paskaitos\Python\Django\Website\DjangoWebsite\DjangoWebsite\env1\lib\site-packages\django\core\handlers\base.py", line 197, in _get_response
    response = wrapped_callback(request, *callback_args, **callback_kwargs)
  File "F:\Paskaitos\Python\Django\Website\DjangoWebsite\DjangoWebsite\env1\lib\site-packages\django\views\generic\base.py", line 103, in view
    return self.dispatch(request, *args, **kwargs)
  File "F:\Paskaitos\Python\Django\Website\DjangoWebsite\DjangoWebsite\env1\lib\site-packages\django\views\generic\base.py", line 142, in dispatch
    return handler(request, *args, **kwargs)
  File "F:\Paskaitos\Python\Django\Website\DjangoWebsite\DjangoWebsite\env1\lib\site-packages\django\views\generic\list.py", line 174, in get
    context = self.get_context_data()
  File "F:\Paskaitos\Python\Django\Website\DjangoWebsite\DjangoWebsite\env1\lib\site-packages\django\views\generic\list.py", line 128, in get_context_data
    paginator, page, queryset, is_paginated = self.paginate_queryset(
  File "F:\Paskaitos\Python\Django\Website\DjangoWebsite\DjangoWebsite\env1\lib\site-packages\django\views\generic\list.py", line 73, in paginate_queryset
    page = paginator.page(page_number)
  File "F:\Paskaitos\Python\Django\Website\DjangoWebsite\DjangoWebsite\env1\lib\site-packages\django\core\paginator.py", line 75, in page
    number = self.validate_number(number)
  File "F:\Paskaitos\Python\Django\Website\DjangoWebsite\DjangoWebsite\env1\lib\site-packages\django\core\paginator.py", line 53, in validate_number
    if number &gt; self.num_pages:
  File "F:\Paskaitos\Python\Django\Website\DjangoWebsite\DjangoWebsite\env1\lib\site-packages\django\utils\functional.py", line 57, in __get__
    res = instance.__dict__[self.name] = self.func(instance)
  File "F:\Paskaitos\Python\Django\Website\DjangoWebsite\DjangoWebsite\env1\lib\site-packages\django\core\paginator.py", line 102, in num_pages
    if self.count == 0 and not self.allow_empty_first_page:
  File "F:\Paskaitos\Python\Django\Website\DjangoWebsite\DjangoWebsite\env1\lib\site-packages\django\utils\functional.py", line 57, in __get__
    res = instance.__dict__[self.name] = self.func(instance)
  File "F:\Paskaitos\Python\Django\Website\DjangoWebsite\DjangoWebsite\env1\lib\site-packages\django\core\paginator.py", line 96, in count
    return c()
  File "F:\Paskaitos\Python\Django\Website\DjangoWebsite\DjangoWebsite\env1\lib\site-packages\django\db\models\query.py", line 621, in count
    return self.query.get_count(using=self.db)
  File "F:\Paskaitos\Python\Django\Website\DjangoWebsite\DjangoWebsite\env1\lib\site-packages\django\db\models\sql\query.py", line 559, in get_count
    return obj.get_aggregation(using, ["__count"])["__count"]
  File "F:\Paskaitos\Python\Django\Website\DjangoWebsite\DjangoWebsite\env1\lib\site-packages\django\db\models\sql\query.py", line 544, in get_aggregation
    result = compiler.execute_sql(SINGLE)
  File "F:\Paskaitos\Python\Django\Website\DjangoWebsite\DjangoWebsite\env1\lib\site-packages\django\db\models\sql\compiler.py", line 1396, in execute_sql
    cursor = self.connection.cursor()
  File "F:\Paskaitos\Python\Django\Website\DjangoWebsite\DjangoWebsite\env1\lib\site-packages\django\test\testcases.py", line 167, in __call__
    raise DatabaseOperationForbidden(self.message)
django.test.testcases.DatabaseOperationForbidden: Database queries to 'default' are not allowed in SimpleTestCase subclasses. Either subclass TestCase or TransactionTestCase to ensure proper test isolation or add 'default' to app.tests.test_views.TestView.databases to silence this failure.

</system-err></testcase><testcase classname="app.tests.test_views.TestView" name="test_project_postdetail_GET" file="app\tests\test_views.py" line="25" time="0.023"><failure message="django.test.testcases.DatabaseOperationForbidden: Database queries to 'default' are not allowed in SimpleTestCase subclasses. Either subclass TestCase or TransactionTestCase to ensure proper test isolation or add 'default' to app.tests.test_views.TestView.databases to silence this failure.">self = &lt;app.tests.test_views.TestView testMethod=test_project_postdetail_GET&gt;

    def test_project_postdetail_GET(self):
        client = Client()
&gt;       response = self.client.get(self.detail_url)

app\tests\test_views.py:28: 
_ _ _ _ _ _ _ _ _ _ _ _ _ _ _ _ _ _ _ _ _ _ _ _ _ _ _ _ _ _ _ _ _ _ _ _ _ _ _ _
env1\lib\site-packages\django\test\client.py:836: in get
    response = super().get(path, data=data, secure=secure, **extra)
env1\lib\site-packages\django\test\client.py:424: in get
    return self.generic(
env1\lib\site-packages\django\test\client.py:541: in generic
    return self.request(**r)
env1\lib\site-packages\django\test\client.py:810: in request
    self.check_exception(response)
env1\lib\site-packages\django\test\client.py:663: in check_exception
    raise exc_value
env1\lib\site-packages\django\core\handlers\exception.py:55: in inner
    response = get_response(request)
env1\lib\site-packages\django\core\handlers\base.py:197: in _get_response
    response = wrapped_callback(request, *callback_args, **callback_kwargs)
env1\lib\site-packages\django\views\generic\base.py:103: in view
    return self.dispatch(request, *args, **kwargs)
env1\lib\site-packages\django\views\generic\base.py:142: in dispatch
    return handler(request, *args, **kwargs)
env1\lib\site-packages\django\views\generic\detail.py:108: in get
    self.object = self.get_object()
env1\lib\site-packages\django\views\generic\detail.py:53: in get_object
    obj = queryset.get()
env1\lib\site-packages\django\db\models\query.py:646: in get
    num = len(clone)
env1\lib\site-packages\django\db\models\query.py:376: in __len__
    self._fetch_all()
env1\lib\site-packages\django\db\models\query.py:1866: in _fetch_all
    self._result_cache = list(self._iterable_class(self))
env1\lib\site-packages\django\db\models\query.py:87: in __iter__
    results = compiler.execute_sql(
env1\lib\site-packages\django\db\models\sql\compiler.py:1396: in execute_sql
    cursor = self.connection.cursor()
_ _ _ _ _ _ _ _ _ _ _ _ _ _ _ _ _ _ _ _ _ _ _ _ _ _ _ _ _ _ _ _ _ _ _ _ _ _ _ _

self = &lt;django.test.testcases._DatabaseFailure object at 0x0000027769667CA0&gt;

    def __call__(self):
&gt;       raise DatabaseOperationForbidden(self.message)
E       django.test.testcases.DatabaseOperationForbidden: Database queries to 'default' are not allowed in SimpleTestCase subclasses. Either subclass TestCase or TransactionTestCase to ensure proper test isolation or add 'default' to app.tests.test_views.TestView.databases to silence this failure.

env1\lib\site-packages\django\test\testcases.py:167: DatabaseOperationForbidden</failure><system-out>--------------------------------- Captured Log ---------------------------------
ERROR    django.request:log.py:241 Internal Server Error: /post/1/
Traceback (most recent call last):
  File "F:\Paskaitos\Python\Django\Website\DjangoWebsite\DjangoWebsite\env1\lib\site-packages\django\core\handlers\exception.py", line 55, in inner
    response = get_response(request)
  File "F:\Paskaitos\Python\Django\Website\DjangoWebsite\DjangoWebsite\env1\lib\site-packages\django\core\handlers\base.py", line 197, in _get_response
    response = wrapped_callback(request, *callback_args, **callback_kwargs)
  File "F:\Paskaitos\Python\Django\Website\DjangoWebsite\DjangoWebsite\env1\lib\site-packages\django\views\generic\base.py", line 103, in view
    return self.dispatch(request, *args, **kwargs)
  File "F:\Paskaitos\Python\Django\Website\DjangoWebsite\DjangoWebsite\env1\lib\site-packages\django\views\generic\base.py", line 142, in dispatch
    return handler(request, *args, **kwargs)
  File "F:\Paskaitos\Python\Django\Website\DjangoWebsite\DjangoWebsite\env1\lib\site-packages\django\views\generic\detail.py", line 108, in get
    self.object = self.get_object()
  File "F:\Paskaitos\Python\Django\Website\DjangoWebsite\DjangoWebsite\env1\lib\site-packages\django\views\generic\detail.py", line 53, in get_object
    obj = queryset.get()
  File "F:\Paskaitos\Python\Django\Website\DjangoWebsite\DjangoWebsite\env1\lib\site-packages\django\db\models\query.py", line 646, in get
    num = len(clone)
  File "F:\Paskaitos\Python\Django\Website\DjangoWebsite\DjangoWebsite\env1\lib\site-packages\django\db\models\query.py", line 376, in __len__
    self._fetch_all()
  File "F:\Paskaitos\Python\Django\Website\DjangoWebsite\DjangoWebsite\env1\lib\site-packages\django\db\models\query.py", line 1866, in _fetch_all
    self._result_cache = list(self._iterable_class(self))
  File "F:\Paskaitos\Python\Django\Website\DjangoWebsite\DjangoWebsite\env1\lib\site-packages\django\db\models\query.py", line 87, in __iter__
    results = compiler.execute_sql(
  File "F:\Paskaitos\Python\Django\Website\DjangoWebsite\DjangoWebsite\env1\lib\site-packages\django\db\models\sql\compiler.py", line 1396, in execute_sql
    cursor = self.connection.cursor()
  File "F:\Paskaitos\Python\Django\Website\DjangoWebsite\DjangoWebsite\env1\lib\site-packages\django\test\testcases.py", line 167, in __call__
    raise DatabaseOperationForbidden(self.message)
django.test.testcases.DatabaseOperationForbidden: Database queries to 'default' are not allowed in SimpleTestCase subclasses. Either subclass TestCase or TransactionTestCase to ensure proper test isolation or add 'default' to app.tests.test_views.TestView.databases to silence this failure.
--------------------------------- Captured Out ---------------------------------

</system-out><system-err>--------------------------------- Captured Err ---------------------------------
Internal Server Error: /post/1/
Traceback (most recent call last):
  File "F:\Paskaitos\Python\Django\Website\DjangoWebsite\DjangoWebsite\env1\lib\site-packages\django\core\handlers\exception.py", line 55, in inner
    response = get_response(request)
  File "F:\Paskaitos\Python\Django\Website\DjangoWebsite\DjangoWebsite\env1\lib\site-packages\django\core\handlers\base.py", line 197, in _get_response
    response = wrapped_callback(request, *callback_args, **callback_kwargs)
  File "F:\Paskaitos\Python\Django\Website\DjangoWebsite\DjangoWebsite\env1\lib\site-packages\django\views\generic\base.py", line 103, in view
    return self.dispatch(request, *args, **kwargs)
  File "F:\Paskaitos\Python\Django\Website\DjangoWebsite\DjangoWebsite\env1\lib\site-packages\django\views\generic\base.py", line 142, in dispatch
    return handler(request, *args, **kwargs)
  File "F:\Paskaitos\Python\Django\Website\DjangoWebsite\DjangoWebsite\env1\lib\site-packages\django\views\generic\detail.py", line 108, in get
    self.object = self.get_object()
  File "F:\Paskaitos\Python\Django\Website\DjangoWebsite\DjangoWebsite\env1\lib\site-packages\django\views\generic\detail.py", line 53, in get_object
    obj = queryset.get()
  File "F:\Paskaitos\Python\Django\Website\DjangoWebsite\DjangoWebsite\env1\lib\site-packages\django\db\models\query.py", line 646, in get
    num = len(clone)
  File "F:\Paskaitos\Python\Django\Website\DjangoWebsite\DjangoWebsite\env1\lib\site-packages\django\db\models\query.py", line 376, in __len__
    self._fetch_all()
  File "F:\Paskaitos\Python\Django\Website\DjangoWebsite\DjangoWebsite\env1\lib\site-packages\django\db\models\query.py", line 1866, in _fetch_all
    self._result_cache = list(self._iterable_class(self))
  File "F:\Paskaitos\Python\Django\Website\DjangoWebsite\DjangoWebsite\env1\lib\site-packages\django\db\models\query.py", line 87, in __iter__
    results = compiler.execute_sql(
  File "F:\Paskaitos\Python\Django\Website\DjangoWebsite\DjangoWebsite\env1\lib\site-packages\django\db\models\sql\compiler.py", line 1396, in execute_sql
    cursor = self.connection.cursor()
  File "F:\Paskaitos\Python\Django\Website\DjangoWebsite\DjangoWebsite\env1\lib\site-packages\django\test\testcases.py", line 167, in __call__
    raise DatabaseOperationForbidden(self.message)
django.test.testcases.DatabaseOperationForbidden: Database queries to 'default' are not allowed in SimpleTestCase subclasses. Either subclass TestCase or TransactionTestCase to ensure proper test isolation or add 'default' to app.tests.test_views.TestView.databases to silence this failure.

</system-err></testcase></testsuite></testsuites>