<?xml version="1.0" encoding="utf-8"?><testsuites><testsuite name="pytest" errors="1" failures="1" skipped="0" tests="3" time="10.285" timestamp="2022-12-02T02:00:22.870850" hostname="Sangu-PC"><testcase classname="app.tests.test_forms.ModelsView" name="test_PostForm_for_valid_data" file="app\tests\test_forms.py" line="13" time="0.084"><failure message="AssertionError: False is not true">self = &lt;app.tests.test_forms.ModelsView testMethod=test_PostForm_for_valid_data&gt;

    def test_PostForm_for_valid_data(self):
        form = UserRegisterForm(data={"username": "testas", "email":"pastas@pastas.lt", "password1":"slaptazodis", "password2":"slaptazodis"})
        print(form.errors)
&gt;       self.assertTrue(form.is_valid())
E       AssertionError: False is not true

app\tests\test_forms.py:17: AssertionError</failure><system-out>--------------------------------- Captured Log ---------------------------------

--------------------------------- Captured Out ---------------------------------
&lt;ul class="errorlist"&gt;&lt;li&gt;password2&lt;ul class="errorlist"&gt;&lt;li&gt;The password is too similar to the email address.&lt;/li&gt;&lt;/ul&gt;&lt;/li&gt;&lt;/ul&gt;

</system-out><system-err>--------------------------------- Captured Err ---------------------------------

</system-err></testcase><testcase classname="app.tests.test_models.ModelsView" name="test_post_is_assigned" file="app\tests\test_models.py" line="25" time="1.818"><system-out>--------------------------------- Captured Log ---------------------------------

--------------------------------- Captured Out ---------------------------------

</system-out><system-err>--------------------------------- Captured Err ---------------------------------

</system-err></testcase><testcase time="0.000" /><testcase classname="pytest" name="internal" time="0.000"><error message="internal error">Traceback (most recent call last):
  File "F:\Paskaitos\Python\Django\Website\DjangoWebsite\DjangoWebsite\env1\lib\site-packages\_pytest\main.py", line 270, in wrap_session
    session.exitstatus = doit(config, session) or 0
  File "F:\Paskaitos\Python\Django\Website\DjangoWebsite\DjangoWebsite\env1\lib\site-packages\_pytest\main.py", line 324, in _main
    config.hook.pytest_runtestloop(session=session)
  File "F:\Paskaitos\Python\Django\Website\DjangoWebsite\DjangoWebsite\env1\lib\site-packages\pluggy\_hooks.py", line 265, in __call__
    return self._hookexec(self.name, self.get_hookimpls(), kwargs, firstresult)
  File "F:\Paskaitos\Python\Django\Website\DjangoWebsite\DjangoWebsite\env1\lib\site-packages\pluggy\_manager.py", line 80, in _hookexec
    return self._inner_hookexec(hook_name, methods, kwargs, firstresult)
  File "F:\Paskaitos\Python\Django\Website\DjangoWebsite\DjangoWebsite\env1\lib\site-packages\pluggy\_callers.py", line 60, in _multicall
    return outcome.get_result()
  File "F:\Paskaitos\Python\Django\Website\DjangoWebsite\DjangoWebsite\env1\lib\site-packages\pluggy\_result.py", line 60, in get_result
    raise ex[1].with_traceback(ex[2])
  File "F:\Paskaitos\Python\Django\Website\DjangoWebsite\DjangoWebsite\env1\lib\site-packages\pluggy\_callers.py", line 39, in _multicall
    res = hook_impl.function(*args)
  File "F:\Paskaitos\Python\Django\Website\DjangoWebsite\DjangoWebsite\env1\lib\site-packages\_pytest\main.py", line 349, in pytest_runtestloop
    item.config.hook.pytest_runtest_protocol(item=item, nextitem=nextitem)
  File "F:\Paskaitos\Python\Django\Website\DjangoWebsite\DjangoWebsite\env1\lib\site-packages\pluggy\_hooks.py", line 265, in __call__
    return self._hookexec(self.name, self.get_hookimpls(), kwargs, firstresult)
  File "F:\Paskaitos\Python\Django\Website\DjangoWebsite\DjangoWebsite\env1\lib\site-packages\pluggy\_manager.py", line 80, in _hookexec
    return self._inner_hookexec(hook_name, methods, kwargs, firstresult)
  File "F:\Paskaitos\Python\Django\Website\DjangoWebsite\DjangoWebsite\env1\lib\site-packages\pluggy\_callers.py", line 60, in _multicall
    return outcome.get_result()
  File "F:\Paskaitos\Python\Django\Website\DjangoWebsite\DjangoWebsite\env1\lib\site-packages\pluggy\_result.py", line 60, in get_result
    raise ex[1].with_traceback(ex[2])
  File "F:\Paskaitos\Python\Django\Website\DjangoWebsite\DjangoWebsite\env1\lib\site-packages\pluggy\_callers.py", line 39, in _multicall
    res = hook_impl.function(*args)
  File "F:\Paskaitos\Python\Django\Website\DjangoWebsite\DjangoWebsite\env1\lib\site-packages\_pytest\runner.py", line 112, in pytest_runtest_protocol
    runtestprotocol(item, nextitem=nextitem)
  File "F:\Paskaitos\Python\Django\Website\DjangoWebsite\DjangoWebsite\env1\lib\site-packages\_pytest\runner.py", line 131, in runtestprotocol
    reports.append(call_and_report(item, "call", log))
  File "F:\Paskaitos\Python\Django\Website\DjangoWebsite\DjangoWebsite\env1\lib\site-packages\_pytest\runner.py", line 224, in call_and_report
    hook.pytest_runtest_logreport(report=report)
  File "F:\Paskaitos\Python\Django\Website\DjangoWebsite\DjangoWebsite\env1\lib\site-packages\pluggy\_hooks.py", line 265, in __call__
    return self._hookexec(self.name, self.get_hookimpls(), kwargs, firstresult)
  File "F:\Paskaitos\Python\Django\Website\DjangoWebsite\DjangoWebsite\env1\lib\site-packages\pluggy\_manager.py", line 80, in _hookexec
    return self._inner_hookexec(hook_name, methods, kwargs, firstresult)
  File "F:\Paskaitos\Python\Django\Website\DjangoWebsite\DjangoWebsite\env1\lib\site-packages\pluggy\_callers.py", line 60, in _multicall
    return outcome.get_result()
  File "F:\Paskaitos\Python\Django\Website\DjangoWebsite\DjangoWebsite\env1\lib\site-packages\pluggy\_result.py", line 60, in get_result
    raise ex[1].with_traceback(ex[2])
  File "F:\Paskaitos\Python\Django\Website\DjangoWebsite\DjangoWebsite\env1\lib\site-packages\pluggy\_callers.py", line 39, in _multicall
    res = hook_impl.function(*args)
  File "F:\Paskaitos\Python\Django\Website\DjangoWebsite\DjangoWebsite\env1\lib\site-packages\_pytest\terminal.py", line 584, in pytest_runtest_logreport
    self.flush()
  File "F:\Paskaitos\Python\Django\Website\DjangoWebsite\DjangoWebsite\env1\lib\site-packages\_pytest\terminal.py", line 427, in flush
    self._tw.flush()
  File "F:\Paskaitos\Python\Django\Website\DjangoWebsite\DjangoWebsite\env1\lib\site-packages\_pytest\_io\terminalwriter.py", line 174, in flush
    self._file.flush()
  File "C:\PROGRAM FILES (X86)\MICROSOFT VISUAL STUDIO\2019\COMMUNITY\COMMON7\IDE\EXTENSIONS\MICROSOFT\PYTHON\CORE\debugpy\_vendored\pydevd\_pydevd_bundle\pydevd_io.py", line 53, in flush
    r.flush()
OSError: [Errno 22] Invalid argument</error></testcase></testsuite></testsuites>