<?xml version="1.0" encoding="utf-8"?><testsuites><testsuite name="pytest" errors="0" failures="1" skipped="0" tests="15" time="0.580" timestamp="2022-12-02T00:26:47.338619" hostname="Sangu-PC"><testcase classname="app.tests.test_models.ModelsView" name="test_post_is_assigned" file="app\tests\test_models.py" line="24" time="0.013"><failure message="django.test.testcases.DatabaseOperationForbidden: Database queries to 'default' are not allowed in SimpleTestCase subclasses. Either subclass TestCase or TransactionTestCase to ensure proper test isolation or add 'default' to app.tests.test_models.ModelsView.databases to silence this failure.">self = &lt;app.tests.test_models.ModelsView testMethod=test_post_is_assigned&gt;

    def setUp(self):
        self.client = Client()
        self.home_url = reverse('website-home')
        self.detail_url = reverse('post-detail', args='1')
&gt;       user = User.objects.create(
            username='123',
            email='pastas@mail.com',
            password='Testas12345.')

app\tests\test_models.py:15: 
_ _ _ _ _ _ _ _ _ _ _ _ _ _ _ _ _ _ _ _ _ _ _ _ _ _ _ _ _ _ _ _ _ _ _ _ _ _ _ _
env1\lib\site-packages\django\db\models\manager.py:85: in manager_method
    return getattr(self.get_queryset(), name)(*args, **kwargs)
env1\lib\site-packages\django\db\models\query.py:671: in create
    obj.save(force_insert=True, using=self.db)
env1\lib\site-packages\django\contrib\auth\base_user.py:68: in save
    super().save(*args, **kwargs)
env1\lib\site-packages\django\db\models\base.py:812: in save
    self.save_base(
env1\lib\site-packages\django\db\models\base.py:863: in save_base
    updated = self._save_table(
env1\lib\site-packages\django\db\models\base.py:1006: in _save_table
    results = self._do_insert(
env1\lib\site-packages\django\db\models\base.py:1047: in _do_insert
    return manager._insert(
env1\lib\site-packages\django\db\models\manager.py:85: in manager_method
    return getattr(self.get_queryset(), name)(*args, **kwargs)
env1\lib\site-packages\django\db\models\query.py:1790: in _insert
    return query.get_compiler(using=using).execute_sql(returning_fields)
env1\lib\site-packages\django\db\models\sql\compiler.py:1658: in execute_sql
    with self.connection.cursor() as cursor:
_ _ _ _ _ _ _ _ _ _ _ _ _ _ _ _ _ _ _ _ _ _ _ _ _ _ _ _ _ _ _ _ _ _ _ _ _ _ _ _

self = &lt;django.test.testcases._DatabaseFailure object at 0x000001D4CCC65700&gt;

    def __call__(self):
&gt;       raise DatabaseOperationForbidden(self.message)
E       django.test.testcases.DatabaseOperationForbidden: Database queries to 'default' are not allowed in SimpleTestCase subclasses. Either subclass TestCase or TransactionTestCase to ensure proper test isolation or add 'default' to app.tests.test_models.ModelsView.databases to silence this failure.

env1\lib\site-packages\django\test\testcases.py:167: DatabaseOperationForbidden</failure><system-out>--------------------------------- Captured Log ---------------------------------

--------------------------------- Captured Out ---------------------------------

</system-out><system-err>--------------------------------- Captured Err ---------------------------------

</system-err></testcase><testcase classname="app.tests.test_urls.TestUrls" name="test_about_url_is_resolved" file="app\tests\test_urls.py" line="13" time="0.001"><system-out>--------------------------------- Captured Log ---------------------------------

--------------------------------- Captured Out ---------------------------------
ResolverMatch(func=app.views.about, args=(), kwargs={}, url_name='website-about', app_names=[], namespaces=[], route='about/')

</system-out><system-err>--------------------------------- Captured Err ---------------------------------

</system-err></testcase><testcase classname="app.tests.test_urls.TestUrls" name="test_create_url_is_resolved" file="app\tests\test_urls.py" line="36" time="0.001"><system-out>--------------------------------- Captured Log ---------------------------------

--------------------------------- Captured Out ---------------------------------
ResolverMatch(func=app.views.PostCreateView, args=(), kwargs={}, url_name='post-create', app_names=[], namespaces=[], route='post/new/')

</system-out><system-err>--------------------------------- Captured Err ---------------------------------

</system-err></testcase><testcase classname="app.tests.test_urls.TestUrls" name="test_delete_url_is_resolved" file="app\tests\test_urls.py" line="46" time="0.001"><system-out>--------------------------------- Captured Log ---------------------------------

--------------------------------- Captured Out ---------------------------------
ResolverMatch(func=app.views.PostDeleteView, args=(), kwargs={'pk': 1}, url_name='post-delete', app_names=[], namespaces=[], route='post/&lt;int:pk&gt;/delete/', captured_kwargs={'pk': 1})

</system-out><system-err>--------------------------------- Captured Err ---------------------------------

</system-err></testcase><testcase classname="app.tests.test_urls.TestUrls" name="test_details_url_is_resolved" file="app\tests\test_urls.py" line="31" time="0.001"><system-out>--------------------------------- Captured Log ---------------------------------

--------------------------------- Captured Out ---------------------------------
ResolverMatch(func=app.views.PostDetailView, args=(), kwargs={'pk': 1}, url_name='post-detail', app_names=[], namespaces=[], route='post/&lt;int:pk&gt;/', captured_kwargs={'pk': 1})

</system-out><system-err>--------------------------------- Captured Err ---------------------------------

</system-err></testcase><testcase classname="app.tests.test_urls.TestUrls" name="test_galery_url_is_resolved" file="app\tests\test_urls.py" line="21" time="0.001"><system-out>--------------------------------- Captured Log ---------------------------------

--------------------------------- Captured Out ---------------------------------
ResolverMatch(func=app.views.galery, args=(), kwargs={}, url_name='website-galery', app_names=[], namespaces=[], route='galery/')

</system-out><system-err>--------------------------------- Captured Err ---------------------------------

</system-err></testcase><testcase classname="app.tests.test_urls.TestUrls" name="test_home_url_is_resolved" file="app\tests\test_urls.py" line="8" time="0.001"><system-out>--------------------------------- Captured Log ---------------------------------

--------------------------------- Captured Out ---------------------------------
ResolverMatch(func=app.views.PostListView, args=(), kwargs={}, url_name='website-home', app_names=[], namespaces=[], route='')

</system-out><system-err>--------------------------------- Captured Err ---------------------------------

</system-err></testcase><testcase classname="app.tests.test_urls.TestUrls" name="test_login_url_is_resolved" file="app\tests\test_urls.py" line="66" time="0.001"><system-out>--------------------------------- Captured Log ---------------------------------

--------------------------------- Captured Out ---------------------------------
ResolverMatch(func=django.contrib.auth.views.LoginView, args=(), kwargs={}, url_name='login', app_names=[], namespaces=[], route='login/')

</system-out><system-err>--------------------------------- Captured Err ---------------------------------

</system-err></testcase><testcase classname="app.tests.test_urls.TestUrls" name="test_logout_url_is_resolved" file="app\tests\test_urls.py" line="71" time="0.001"><system-out>--------------------------------- Captured Log ---------------------------------

--------------------------------- Captured Out ---------------------------------
ResolverMatch(func=django.contrib.auth.views.LogoutView, args=(), kwargs={}, url_name='logout', app_names=[], namespaces=[], route='logout/')

</system-out><system-err>--------------------------------- Captured Err ---------------------------------

</system-err></testcase><testcase classname="app.tests.test_urls.TestUrls" name="test_passwordreset_url_is_resolved" file="app\tests\test_urls.py" line="76" time="0.001"><system-out>--------------------------------- Captured Log ---------------------------------

--------------------------------- Captured Out ---------------------------------
ResolverMatch(func=django.contrib.auth.views.PasswordResetView, args=(), kwargs={}, url_name='password-reset', app_names=[], namespaces=[], route='password-reset/')

</system-out><system-err>--------------------------------- Captured Err ---------------------------------

</system-err></testcase><testcase classname="app.tests.test_urls.TestUrls" name="test_prenumerate_url_is_resolved" file="app\tests\test_urls.py" line="26" time="0.001"><system-out>--------------------------------- Captured Log ---------------------------------

--------------------------------- Captured Out ---------------------------------
ResolverMatch(func=app.views.prenumerate, args=(), kwargs={}, url_name='website-prenumerate', app_names=[], namespaces=[], route='prenumerate/')

</system-out><system-err>--------------------------------- Captured Err ---------------------------------

</system-err></testcase><testcase classname="app.tests.test_urls.TestUrls" name="test_profile_url_is_resolved" file="app\tests\test_urls.py" line="61" time="0.001"><system-out>--------------------------------- Captured Log ---------------------------------

--------------------------------- Captured Out ---------------------------------
ResolverMatch(func=Users.views.profile, args=(), kwargs={}, url_name='profile', app_names=[], namespaces=[], route='profile/')

</system-out><system-err>--------------------------------- Captured Err ---------------------------------

</system-err></testcase><testcase classname="app.tests.test_urls.TestUrls" name="test_register_url_is_resolved" file="app\tests\test_urls.py" line="56" time="0.001"><system-out>--------------------------------- Captured Log ---------------------------------

--------------------------------- Captured Out ---------------------------------
ResolverMatch(func=Users.views.register, args=(), kwargs={}, url_name='register', app_names=[], namespaces=[], route='register/')

</system-out><system-err>--------------------------------- Captured Err ---------------------------------

</system-err></testcase><testcase classname="app.tests.test_urls.TestUrls" name="test_update_url_is_resolved" file="app\tests\test_urls.py" line="41" time="0.001"><system-out>--------------------------------- Captured Log ---------------------------------

--------------------------------- Captured Out ---------------------------------
ResolverMatch(func=app.views.PostUpdateView, args=(), kwargs={'pk': 1}, url_name='post-update', app_names=[], namespaces=[], route='post/&lt;int:pk&gt;/update/', captured_kwargs={'pk': 1})

</system-out><system-err>--------------------------------- Captured Err ---------------------------------

</system-err></testcase><testcase classname="app.tests.test_urls.TestUrls" name="test_userposts_url_is_resolved" file="app\tests\test_urls.py" line="51" time="0.001"><system-out>--------------------------------- Captured Log ---------------------------------

--------------------------------- Captured Out ---------------------------------
ResolverMatch(func=app.views.UserPostListView, args=(), kwargs={'username': '1'}, url_name='user-posts', app_names=[], namespaces=[], route='_user/&lt;str:username&gt;', captured_kwargs={'username': '1'})

</system-out><system-err>--------------------------------- Captured Err ---------------------------------

</system-err></testcase></testsuite></testsuites>