<?xml version="1.0" encoding="utf-8"?><testsuites><testsuite name="pytest" errors="0" failures="1" skipped="0" tests="1" time="0.380" timestamp="2022-12-01T12:27:35.232954" hostname="Sangu-PC"><testcase classname="app.tests.test_urls.TestUrls" name="test_list_url_is_resolved" file="app\tests\test_urls.py" line="7" time="0.227"><failure message="AssertionError: &lt;function View.as_view.&lt;locals&gt;.view at 0x000001C694492160&gt; != &lt;class 'app.views.PostListView'&gt;">self = &lt;app.tests.test_urls.TestUrls testMethod=test_list_url_is_resolved&gt;

    def test_list_url_is_resolved(self):
        url = reverse('website-home')
        print(resolve(url))
&gt;       self.assertEquals(resolve(url).func, PostListView)
E       AssertionError: &lt;function View.as_view.&lt;locals&gt;.view at 0x000001C694492160&gt; != &lt;class 'app.views.PostListView'&gt;

app\tests\test_urls.py:11: AssertionError</failure><system-out>--------------------------------- Captured Log ---------------------------------

--------------------------------- Captured Out ---------------------------------
ResolverMatch(func=app.views.PostListView, args=(), kwargs={}, url_name='website-home', app_names=[], namespaces=[], route='')

</system-out><system-err>--------------------------------- Captured Err ---------------------------------

</system-err></testcase></testsuite></testsuites>