<?xml version="1.0" encoding="utf-8"?><testsuites><testsuite name="pytest" errors="0" failures="2" skipped="0" tests="16" time="0.595" timestamp="2022-12-02T00:00:20.620767" hostname="Sangu-PC"><testcase classname="app.tests.test_urls.TestUrls" name="test_about_url_is_resolved" file="app\tests\test_urls.py" line="13" time="0.012"><system-out>--------------------------------- Captured Log ---------------------------------

--------------------------------- Captured Out ---------------------------------
ResolverMatch(func=app.views.about, args=(), kwargs={}, url_name='website-about', app_names=[], namespaces=[], route='about/')

</system-out><system-err>--------------------------------- Captured Err ---------------------------------

</system-err></testcase><testcase classname="app.tests.test_urls.TestUrls" name="test_create_url_is_resolved" file="app\tests\test_urls.py" line="36" time="0.001"><system-out>--------------------------------- Captured Log ---------------------------------

--------------------------------- Captured Out ---------------------------------
ResolverMatch(func=app.views.PostCreateView, args=(), kwargs={}, url_name='post-create', app_names=[], namespaces=[], route='post/new/')

</system-out><system-err>--------------------------------- Captured Err ---------------------------------

</system-err></testcase><testcase classname="app.tests.test_urls.TestUrls" name="test_delete_url_is_resolved" file="app\tests\test_urls.py" line="46" time="0.001"><system-out>--------------------------------- Captured Log ---------------------------------

--------------------------------- Captured Out ---------------------------------
ResolverMatch(func=app.views.PostDeleteView, args=(), kwargs={'pk': 1}, url_name='post-delete', app_names=[], namespaces=[], route='post/&lt;int:pk&gt;/delete/', captured_kwargs={'pk': 1})

</system-out><system-err>--------------------------------- Captured Err ---------------------------------

</system-err></testcase><testcase classname="app.tests.test_urls.TestUrls" name="test_details_url_is_resolved" file="app\tests\test_urls.py" line="31" time="0.001"><system-out>--------------------------------- Captured Log ---------------------------------

--------------------------------- Captured Out ---------------------------------
ResolverMatch(func=app.views.PostDetailView, args=(), kwargs={'pk': 1}, url_name='post-detail', app_names=[], namespaces=[], route='post/&lt;int:pk&gt;/', captured_kwargs={'pk': 1})

</system-out><system-err>--------------------------------- Captured Err ---------------------------------

</system-err></testcase><testcase classname="app.tests.test_urls.TestUrls" name="test_galery_url_is_resolved" file="app\tests\test_urls.py" line="21" time="0.001"><system-out>--------------------------------- Captured Log ---------------------------------

--------------------------------- Captured Out ---------------------------------
ResolverMatch(func=app.views.galery, args=(), kwargs={}, url_name='website-galery', app_names=[], namespaces=[], route='galery/')

</system-out><system-err>--------------------------------- Captured Err ---------------------------------

</system-err></testcase><testcase classname="app.tests.test_urls.TestUrls" name="test_home_url_is_resolved" file="app\tests\test_urls.py" line="8" time="0.001"><system-out>--------------------------------- Captured Log ---------------------------------

--------------------------------- Captured Out ---------------------------------
ResolverMatch(func=app.views.PostListView, args=(), kwargs={}, url_name='website-home', app_names=[], namespaces=[], route='')

</system-out><system-err>--------------------------------- Captured Err ---------------------------------

</system-err></testcase><testcase classname="app.tests.test_urls.TestUrls" name="test_login_url_is_resolved" file="app\tests\test_urls.py" line="66" time="0.001"><system-out>--------------------------------- Captured Log ---------------------------------

--------------------------------- Captured Out ---------------------------------
ResolverMatch(func=django.contrib.auth.views.LoginView, args=(), kwargs={}, url_name='login', app_names=[], namespaces=[], route='login/')

</system-out><system-err>--------------------------------- Captured Err ---------------------------------

</system-err></testcase><testcase classname="app.tests.test_urls.TestUrls" name="test_logout_url_is_resolved" file="app\tests\test_urls.py" line="71" time="0.001"><system-out>--------------------------------- Captured Log ---------------------------------

--------------------------------- Captured Out ---------------------------------
ResolverMatch(func=django.contrib.auth.views.LogoutView, args=(), kwargs={}, url_name='logout', app_names=[], namespaces=[], route='logout/')

</system-out><system-err>--------------------------------- Captured Err ---------------------------------

</system-err></testcase><testcase classname="app.tests.test_urls.TestUrls" name="test_passwordreset_url_is_resolved" file="app\tests\test_urls.py" line="76" time="0.001"><system-out>--------------------------------- Captured Log ---------------------------------

--------------------------------- Captured Out ---------------------------------
ResolverMatch(func=django.contrib.auth.views.PasswordResetView, args=(), kwargs={}, url_name='password-reset', app_names=[], namespaces=[], route='password-reset/')

</system-out><system-err>--------------------------------- Captured Err ---------------------------------

</system-err></testcase><testcase classname="app.tests.test_urls.TestUrls" name="test_prenumerate_url_is_resolved" file="app\tests\test_urls.py" line="26" time="0.001"><system-out>--------------------------------- Captured Log ---------------------------------

--------------------------------- Captured Out ---------------------------------
ResolverMatch(func=app.views.prenumerate, args=(), kwargs={}, url_name='website-prenumerate', app_names=[], namespaces=[], route='prenumerate/')

</system-out><system-err>--------------------------------- Captured Err ---------------------------------

</system-err></testcase><testcase classname="app.tests.test_urls.TestUrls" name="test_profile_url_is_resolved" file="app\tests\test_urls.py" line="61" time="0.001"><system-out>--------------------------------- Captured Log ---------------------------------

--------------------------------- Captured Out ---------------------------------
ResolverMatch(func=Users.views.profile, args=(), kwargs={}, url_name='profile', app_names=[], namespaces=[], route='profile/')

</system-out><system-err>--------------------------------- Captured Err ---------------------------------

</system-err></testcase><testcase classname="app.tests.test_urls.TestUrls" name="test_register_url_is_resolved" file="app\tests\test_urls.py" line="56" time="0.001"><system-out>--------------------------------- Captured Log ---------------------------------

--------------------------------- Captured Out ---------------------------------
ResolverMatch(func=Users.views.register, args=(), kwargs={}, url_name='register', app_names=[], namespaces=[], route='register/')

</system-out><system-err>--------------------------------- Captured Err ---------------------------------

</system-err></testcase><testcase classname="app.tests.test_urls.TestUrls" name="test_update_url_is_resolved" file="app\tests\test_urls.py" line="41" time="0.001"><system-out>--------------------------------- Captured Log ---------------------------------

--------------------------------- Captured Out ---------------------------------
ResolverMatch(func=app.views.PostUpdateView, args=(), kwargs={'pk': 1}, url_name='post-update', app_names=[], namespaces=[], route='post/&lt;int:pk&gt;/update/', captured_kwargs={'pk': 1})

</system-out><system-err>--------------------------------- Captured Err ---------------------------------

</system-err></testcase><testcase classname="app.tests.test_urls.TestUrls" name="test_userposts_url_is_resolved" file="app\tests\test_urls.py" line="51" time="0.001"><system-out>--------------------------------- Captured Log ---------------------------------

--------------------------------- Captured Out ---------------------------------
ResolverMatch(func=app.views.UserPostListView, args=(), kwargs={'username': '1'}, url_name='user-posts', app_names=[], namespaces=[], route='_user/&lt;str:username&gt;', captured_kwargs={'username': '1'})

</system-out><system-err>--------------------------------- Captured Err ---------------------------------

</system-err></testcase><testcase classname="app.tests.test_views.TestView" name="test_project_home_GET" file="app\tests\test_views.py" line="24" time="0.015"><failure message="ValueError: Cannot assign &quot;'1'&quot;: &quot;Post.author&quot; must be a &quot;User&quot; instance.">self = &lt;app.tests.test_views.TestView testMethod=test_project_home_GET&gt;

    def setUp(self):
        self.client = Client()
        self.home_url = reverse('website-home')
        self.detail_url = reverse('post-detail', args='1')
        user = User.objects.create(
            username='123',
            email='pastas@mail.com',
            password='Testas12345.')
    
&gt;       Post.objects.create(
            title='post1',
            content='random post',
            author = '1')

app\tests\test_views.py:20: 
_ _ _ _ _ _ _ _ _ _ _ _ _ _ _ _ _ _ _ _ _ _ _ _ _ _ _ _ _ _ _ _ _ _ _ _ _ _ _ _
env1\lib\site-packages\django\db\models\manager.py:85: in manager_method
    return getattr(self.get_queryset(), name)(*args, **kwargs)
env1\lib\site-packages\django\db\models\query.py:669: in create
    obj = self.model(**kwargs)
env1\lib\site-packages\django\db\models\base.py:541: in __init__
    _setattr(self, field.name, rel_obj)
_ _ _ _ _ _ _ _ _ _ _ _ _ _ _ _ _ _ _ _ _ _ _ _ _ _ _ _ _ _ _ _ _ _ _ _ _ _ _ _

self = &lt;django.db.models.fields.related_descriptors.ForwardManyToOneDescriptor object at 0x000001FFA4421E50&gt;
instance = &lt;Post: post1&gt;, value = '1'

    def __set__(self, instance, value):
        """
        Set the related instance through the forward relation.
    
        With the example above, when setting ``child.parent = parent``:
    
        - ``self`` is the descriptor managing the ``parent`` attribute
        - ``instance`` is the ``child`` instance
        - ``value`` is the ``parent`` instance on the right of the equal sign
        """
        # An object must be an instance of the related class.
        if value is not None and not isinstance(
            value, self.field.remote_field.model._meta.concrete_model
        ):
&gt;           raise ValueError(
                'Cannot assign "%r": "%s.%s" must be a "%s" instance.'
                % (
                    value,
                    instance._meta.object_name,
                    self.field.name,
                    self.field.remote_field.model._meta.object_name,
                )
E               ValueError: Cannot assign "'1'": "Post.author" must be a "User" instance.

env1\lib\site-packages\django\db\models\fields\related_descriptors.py:235: ValueError</failure><system-out>--------------------------------- Captured Log ---------------------------------

--------------------------------- Captured Out ---------------------------------

</system-out><system-err>--------------------------------- Captured Err ---------------------------------

</system-err></testcase><testcase classname="app.tests.test_views.TestView" name="test_project_postdetail_GET" file="app\tests\test_views.py" line="33" time="0.003"><failure message="ValueError: Cannot assign &quot;'1'&quot;: &quot;Post.author&quot; must be a &quot;User&quot; instance.">self = &lt;app.tests.test_views.TestView testMethod=test_project_postdetail_GET&gt;

    def setUp(self):
        self.client = Client()
        self.home_url = reverse('website-home')
        self.detail_url = reverse('post-detail', args='1')
        user = User.objects.create(
            username='123',
            email='pastas@mail.com',
            password='Testas12345.')
    
&gt;       Post.objects.create(
            title='post1',
            content='random post',
            author = '1')

app\tests\test_views.py:20: 
_ _ _ _ _ _ _ _ _ _ _ _ _ _ _ _ _ _ _ _ _ _ _ _ _ _ _ _ _ _ _ _ _ _ _ _ _ _ _ _
env1\lib\site-packages\django\db\models\manager.py:85: in manager_method
    return getattr(self.get_queryset(), name)(*args, **kwargs)
env1\lib\site-packages\django\db\models\query.py:669: in create
    obj = self.model(**kwargs)
env1\lib\site-packages\django\db\models\base.py:541: in __init__
    _setattr(self, field.name, rel_obj)
_ _ _ _ _ _ _ _ _ _ _ _ _ _ _ _ _ _ _ _ _ _ _ _ _ _ _ _ _ _ _ _ _ _ _ _ _ _ _ _

self = &lt;django.db.models.fields.related_descriptors.ForwardManyToOneDescriptor object at 0x000001FFA4421E50&gt;
instance = &lt;Post: post1&gt;, value = '1'

    def __set__(self, instance, value):
        """
        Set the related instance through the forward relation.
    
        With the example above, when setting ``child.parent = parent``:
    
        - ``self`` is the descriptor managing the ``parent`` attribute
        - ``instance`` is the ``child`` instance
        - ``value`` is the ``parent`` instance on the right of the equal sign
        """
        # An object must be an instance of the related class.
        if value is not None and not isinstance(
            value, self.field.remote_field.model._meta.concrete_model
        ):
&gt;           raise ValueError(
                'Cannot assign "%r": "%s.%s" must be a "%s" instance.'
                % (
                    value,
                    instance._meta.object_name,
                    self.field.name,
                    self.field.remote_field.model._meta.object_name,
                )
E               ValueError: Cannot assign "'1'": "Post.author" must be a "User" instance.

env1\lib\site-packages\django\db\models\fields\related_descriptors.py:235: ValueError</failure><system-out>--------------------------------- Captured Log ---------------------------------

--------------------------------- Captured Out ---------------------------------

</system-out><system-err>--------------------------------- Captured Err ---------------------------------

</system-err></testcase></testsuite></testsuites>