<?xml version="1.0" encoding="utf-8"?><testsuites><testsuite name="pytest" errors="0" failures="2" skipped="0" tests="2" time="0.739" timestamp="2022-12-01T20:16:29.589495" hostname="Sangu-PC"><testcase classname="app.tests.test_urls.TestUrls" name="test_about_url_is_resolved" file="app\tests\test_urls.py" line="11" time="0.139"><failure message="django.core.exceptions.AppRegistryNotReady: Apps aren't loaded yet.">self = &lt;app.tests.test_urls.TestUrls testMethod=test_about_url_is_resolved&gt;

    def test_about_url_is_resolved(self):
&gt;       url = reverse('website-about')

app\tests\test_urls.py:13: 
_ _ _ _ _ _ _ _ _ _ _ _ _ _ _ _ _ _ _ _ _ _ _ _ _ _ _ _ _ _ _ _ _ _ _ _ _ _ _ _
env1\lib\site-packages\django\urls\base.py:88: in reverse
    return resolver._reverse_with_prefix(view, prefix, *args, **kwargs)
env1\lib\site-packages\django\urls\resolvers.py:746: in _reverse_with_prefix
    self._populate()
env1\lib\site-packages\django\urls\resolvers.py:543: in _populate
    for url_pattern in reversed(self.url_patterns):
env1\lib\site-packages\django\utils\functional.py:57: in __get__
    res = instance.__dict__[self.name] = self.func(instance)
env1\lib\site-packages\django\urls\resolvers.py:715: in url_patterns
    patterns = getattr(self.urlconf_module, "urlpatterns", self.urlconf_module)
env1\lib\site-packages\django\utils\functional.py:57: in __get__
    res = instance.__dict__[self.name] = self.func(instance)
env1\lib\site-packages\django\urls\resolvers.py:708: in urlconf_module
    return import_module(self.urlconf_name)
C:\Program Files (x86)\Microsoft Visual Studio\Shared\Python39_64\lib\importlib\__init__.py:127: in import_module
    return _bootstrap._gcd_import(name[level:], package, level)
&lt;frozen importlib._bootstrap&gt;:1030: in _gcd_import
    ???
&lt;frozen importlib._bootstrap&gt;:1007: in _find_and_load
    ???
&lt;frozen importlib._bootstrap&gt;:986: in _find_and_load_unlocked
    ???
&lt;frozen importlib._bootstrap&gt;:680: in _load_unlocked
    ???
&lt;frozen importlib._bootstrap_external&gt;:850: in exec_module
    ???
&lt;frozen importlib._bootstrap&gt;:228: in _call_with_frames_removed
    ???
DjangoWebsite\urls.py:5: in &lt;module&gt;
    from django.contrib.auth import views as auth_views
env1\lib\site-packages\django\contrib\auth\views.py:12: in &lt;module&gt;
    from django.contrib.auth.forms import (
env1\lib\site-packages\django\contrib\auth\forms.py:6: in &lt;module&gt;
    from django.contrib.auth.models import User
env1\lib\site-packages\django\contrib\auth\models.py:3: in &lt;module&gt;
    from django.contrib.auth.base_user import AbstractBaseUser, BaseUserManager
env1\lib\site-packages\django\contrib\auth\base_user.py:49: in &lt;module&gt;
    class AbstractBaseUser(models.Model):
env1\lib\site-packages\django\db\models\base.py:127: in __new__
    app_config = apps.get_containing_app_config(module)
env1\lib\site-packages\django\apps\registry.py:260: in get_containing_app_config
    self.check_apps_ready()
_ _ _ _ _ _ _ _ _ _ _ _ _ _ _ _ _ _ _ _ _ _ _ _ _ _ _ _ _ _ _ _ _ _ _ _ _ _ _ _

self = &lt;django.apps.registry.Apps object at 0x000001DAE433D850&gt;

    def check_apps_ready(self):
        """Raise an exception if all apps haven't been imported yet."""
        if not self.apps_ready:
            from django.conf import settings
    
            # If "not ready" is due to unconfigured settings, accessing
            # INSTALLED_APPS raises a more helpful ImproperlyConfigured
            # exception.
            settings.INSTALLED_APPS
&gt;           raise AppRegistryNotReady("Apps aren't loaded yet.")
E           django.core.exceptions.AppRegistryNotReady: Apps aren't loaded yet.

env1\lib\site-packages\django\apps\registry.py:138: AppRegistryNotReady</failure><system-out>--------------------------------- Captured Log ---------------------------------

--------------------------------- Captured Out ---------------------------------

</system-out><system-err>--------------------------------- Captured Err ---------------------------------

</system-err></testcase><testcase classname="app.tests.test_urls.TestUrls" name="test_home_url_is_resolved" file="app\tests\test_urls.py" line="6" time="0.003"><failure message="django.core.exceptions.AppRegistryNotReady: Apps aren't loaded yet.">self = &lt;app.tests.test_urls.TestUrls testMethod=test_home_url_is_resolved&gt;

    def test_home_url_is_resolved(self):
&gt;       url = reverse('website-home')

app\tests\test_urls.py:8: 
_ _ _ _ _ _ _ _ _ _ _ _ _ _ _ _ _ _ _ _ _ _ _ _ _ _ _ _ _ _ _ _ _ _ _ _ _ _ _ _
env1\lib\site-packages\django\urls\base.py:88: in reverse
    return resolver._reverse_with_prefix(view, prefix, *args, **kwargs)
env1\lib\site-packages\django\urls\resolvers.py:746: in _reverse_with_prefix
    self._populate()
env1\lib\site-packages\django\urls\resolvers.py:543: in _populate
    for url_pattern in reversed(self.url_patterns):
env1\lib\site-packages\django\utils\functional.py:57: in __get__
    res = instance.__dict__[self.name] = self.func(instance)
env1\lib\site-packages\django\urls\resolvers.py:715: in url_patterns
    patterns = getattr(self.urlconf_module, "urlpatterns", self.urlconf_module)
env1\lib\site-packages\django\utils\functional.py:57: in __get__
    res = instance.__dict__[self.name] = self.func(instance)
env1\lib\site-packages\django\urls\resolvers.py:708: in urlconf_module
    return import_module(self.urlconf_name)
C:\Program Files (x86)\Microsoft Visual Studio\Shared\Python39_64\lib\importlib\__init__.py:127: in import_module
    return _bootstrap._gcd_import(name[level:], package, level)
&lt;frozen importlib._bootstrap&gt;:1030: in _gcd_import
    ???
&lt;frozen importlib._bootstrap&gt;:1007: in _find_and_load
    ???
&lt;frozen importlib._bootstrap&gt;:986: in _find_and_load_unlocked
    ???
&lt;frozen importlib._bootstrap&gt;:680: in _load_unlocked
    ???
&lt;frozen importlib._bootstrap_external&gt;:850: in exec_module
    ???
&lt;frozen importlib._bootstrap&gt;:228: in _call_with_frames_removed
    ???
DjangoWebsite\urls.py:5: in &lt;module&gt;
    from django.contrib.auth import views as auth_views
env1\lib\site-packages\django\contrib\auth\views.py:12: in &lt;module&gt;
    from django.contrib.auth.forms import (
env1\lib\site-packages\django\contrib\auth\forms.py:6: in &lt;module&gt;
    from django.contrib.auth.models import User
env1\lib\site-packages\django\contrib\auth\models.py:3: in &lt;module&gt;
    from django.contrib.auth.base_user import AbstractBaseUser, BaseUserManager
env1\lib\site-packages\django\contrib\auth\base_user.py:49: in &lt;module&gt;
    class AbstractBaseUser(models.Model):
env1\lib\site-packages\django\db\models\base.py:127: in __new__
    app_config = apps.get_containing_app_config(module)
env1\lib\site-packages\django\apps\registry.py:260: in get_containing_app_config
    self.check_apps_ready()
_ _ _ _ _ _ _ _ _ _ _ _ _ _ _ _ _ _ _ _ _ _ _ _ _ _ _ _ _ _ _ _ _ _ _ _ _ _ _ _

self = &lt;django.apps.registry.Apps object at 0x000001DAE433D850&gt;

    def check_apps_ready(self):
        """Raise an exception if all apps haven't been imported yet."""
        if not self.apps_ready:
            from django.conf import settings
    
            # If "not ready" is due to unconfigured settings, accessing
            # INSTALLED_APPS raises a more helpful ImproperlyConfigured
            # exception.
            settings.INSTALLED_APPS
&gt;           raise AppRegistryNotReady("Apps aren't loaded yet.")
E           django.core.exceptions.AppRegistryNotReady: Apps aren't loaded yet.

env1\lib\site-packages\django\apps\registry.py:138: AppRegistryNotReady</failure><system-out>--------------------------------- Captured Log ---------------------------------

--------------------------------- Captured Out ---------------------------------

</system-out><system-err>--------------------------------- Captured Err ---------------------------------

</system-err></testcase></testsuite></testsuites>